Running: C:\Xilinx\14.7\ISE_DS\ISE\bin\nt64\unwrapped\fuse.exe -intstyle ise -incremental -o C:/Users/Davide/Desktop/Boundary_Scan_Chain/test_counter_mod_2n_testbench_isim_beh.exe -prj C:/Users/Davide/Desktop/Boundary_Scan_Chain/test_counter_mod_2n_testbench_beh.prj work.test_counter_mod_2n_testbench 
ISim P.20131013 (signature 0x7708f090)
Number of CPUs detected in this system: 1
Turning on mult-threading, number of parallel sub-compilation jobs: 0 
Determining compilation order of HDL files
Parsing VHDL file "C:/Users/Davide/Desktop/Boundary_Scan_Chain/mux2_1.vhd" into library work
Parsing VHDL file "C:/Users/Davide/Desktop/Boundary_Scan_Chain/latch_d_en.vhd" into library work
Parsing VHDL file "C:/Users/Davide/Desktop/Boundary_Scan_Chain/counter_mod_2n.vhd" into library work
Parsing VHDL file "C:/Users/Davide/Desktop/Boundary_Scan_Chain/boundary_scan_chain.vhd" into library work
Parsing VHDL file "C:/Users/Davide/Desktop/Boundary_Scan_Chain/test_counter_mod_2n.vhd" into library work
Parsing VHDL file "C:/Users/Davide/Desktop/Boundary_Scan_Chain/test_counter_mod_2n_testbench.vhd" into library work
Starting static elaboration
Completed static elaboration
Compiling package standard
Compiling package std_logic_1164
Compiling package std_logic_arith
Compiling package std_logic_unsigned
Compiling architecture behavioral of entity counter_mod_2n [\counter_mod_2n(4)\]
Compiling architecture dataflow of entity mux2_1 [mux2_1_default]
Compiling architecture behavioral of entity latch_d_en [\latch_d_en(1)\]
Compiling architecture structural of entity boundary_scan_chain [\boundary_scan_chain(4)\]
Compiling architecture structural of entity test_counter_mod_2n [\test_counter_mod_2n(4)\]
Compiling architecture behavior of entity test_counter_mod_2n_testbench
Time Resolution for simulation is 1ps.
Compiled 15 VHDL Units
Built simulation executable C:/Users/Davide/Desktop/Boundary_Scan_Chain/test_counter_mod_2n_testbench_isim_beh.exe
Fuse Memory Usage: 32220 KB
Fuse CPU Usage: 530 ms
