Running: /opt/Xilinx/14.7/ISE_DS/ISE/bin/lin64/unwrapped/fuse -intstyle ise -incremental -o /media/sf_ASE/VHDL/Milo/carry_select_adder/prova_isim_beh.exe -prj /media/sf_ASE/VHDL/Milo/carry_select_adder/prova_beh.prj work.prova 
ISim P.20131013 (signature 0xfbc00daa)
Number of CPUs detected in this system: 1
Turning on mult-threading, number of parallel sub-compilation jobs: 0 
Determining compilation order of HDL files
Parsing VHDL file "/media/sf_ASE/VHDL/Milo/carry_select_adder/half_adder.vhdl" into library work
Parsing VHDL file "/media/sf_ASE/VHDL/Milo/carry_select_adder/../../../../../home/sav/full_adder_half/full_adder_half.vhdl" into library work
Parsing VHDL file "/media/sf_ASE/VHDL/Milo/carry_select_adder/../RippleCarryAdder/RippleCarryAdder.vhd" into library work
Parsing VHDL file "/media/sf_ASE/VHDL/Milo/carry_select_adder/../../../../../home/sav/mux4_1/mux2_1.vhd" into library work
Parsing VHDL file "/media/sf_ASE/VHDL/Milo/carry_select_adder/carry_select_cell.vhd" into library work
Parsing VHDL file "/media/sf_ASE/VHDL/Milo/carry_select_adder/carry_select.vhd" into library work
Parsing VHDL file "/media/sf_ASE/VHDL/Milo/carry_select_adder/prova.vhd" into library work
Starting static elaboration
Completed static elaboration
Fuse Memory Usage: 94368 KB
Fuse CPU Usage: 1210 ms
Compiling package standard
Compiling package std_logic_1164
Compiling architecture dataflow of entity half_adder [half_adder_default]
Compiling architecture register_transfer of entity full_adder_half [full_adder_half_default]
Compiling architecture structural of entity RippleCarryAdder [\RippleCarryAdder(2)\]
Compiling architecture dataflow of entity mux2_1 [mux2_1_default]
Compiling architecture behavioral of entity carry_select_cell [\carry_select_cell(2)\]
Compiling architecture behavioral of entity carry_select [\carry_select(8)\]
Compiling architecture behavior of entity prova
Time Resolution for simulation is 1ps.
Compiled 15 VHDL Units
Built simulation executable /media/sf_ASE/VHDL/Milo/carry_select_adder/prova_isim_beh.exe
Fuse Memory Usage: 102944 KB
Fuse CPU Usage: 1250 ms
GCC CPU Usage: 600 ms
