Release 14.7 - xst P.20131013 (lin64)
Copyright (c) 1995-2013 Xilinx, Inc.  All rights reserved.
--> 
Parameter TMPDIR set to xst/projnav.tmp


Total REAL time to Xst completion: 0.00 secs
Total CPU time to Xst completion: 0.04 secs
 
--> 
Parameter xsthdpdir set to xst


Total REAL time to Xst completion: 0.00 secs
Total CPU time to Xst completion: 0.04 secs
 
--> 
Reading design: Booth_multiplier.prj

TABLE OF CONTENTS
  1) Synthesis Options Summary
  2) HDL Compilation
  3) Design Hierarchy Analysis
  4) HDL Analysis
  5) HDL Synthesis
     5.1) HDL Synthesis Report
  6) Advanced HDL Synthesis
     6.1) Advanced HDL Synthesis Report
  7) Low Level Synthesis
  8) Partition Report
  9) Final Report
	9.1) Device utilization summary
	9.2) Partition Resource Summary
	9.3) TIMING REPORT


=========================================================================
*                      Synthesis Options Summary                        *
=========================================================================
---- Source Parameters
Input File Name                    : "Booth_multiplier.prj"
Input Format                       : mixed
Ignore Synthesis Constraint File   : NO

---- Target Parameters
Output File Name                   : "Booth_multiplier"
Output Format                      : NGC
Target Device                      : xc3s100e-5-tq144

---- Source Options
Top Module Name                    : Booth_multiplier
Automatic FSM Extraction           : YES
FSM Encoding Algorithm             : Auto
Safe Implementation                : No
FSM Style                          : LUT
RAM Extraction                     : Yes
RAM Style                          : Auto
ROM Extraction                     : Yes
Mux Style                          : Auto
Decoder Extraction                 : YES
Priority Encoder Extraction        : Yes
Shift Register Extraction          : YES
Logical Shifter Extraction         : YES
XOR Collapsing                     : YES
ROM Style                          : Auto
Mux Extraction                     : Yes
Resource Sharing                   : YES
Asynchronous To Synchronous        : NO
Multiplier Style                   : Auto
Automatic Register Balancing       : No

---- Target Options
Add IO Buffers                     : YES
Global Maximum Fanout              : 100000
Add Generic Clock Buffer(BUFG)     : 24
Register Duplication               : YES
Slice Packing                      : YES
Optimize Instantiated Primitives   : NO
Use Clock Enable                   : Yes
Use Synchronous Set                : Yes
Use Synchronous Reset              : Yes
Pack IO Registers into IOBs        : Auto
Equivalent register Removal        : YES

---- General Options
Optimization Goal                  : Speed
Optimization Effort                : 1
Keep Hierarchy                     : No
Netlist Hierarchy                  : As_Optimized
RTL Output                         : Yes
Global Optimization                : AllClockNets
Read Cores                         : YES
Write Timing Constraints           : NO
Cross Clock Analysis               : NO
Hierarchy Separator                : /
Bus Delimiter                      : <>
Case Specifier                     : Maintain
Slice Utilization Ratio            : 100
BRAM Utilization Ratio             : 100
Verilog 2001                       : YES
Auto BRAM Packing                  : NO
Slice Utilization Ratio Delta      : 5

=========================================================================


=========================================================================
*                          HDL Compilation                              *
=========================================================================
Compiling vhdl file "/media/sf_ASE/VHDL/Milo/moltiplicatore_B_buono/half_adder.vhd" in Library work.
Architecture dataflow of Entity half_adder is up to date.
Compiling vhdl file "/media/sf_ASE/VHDL/Milo/moltiplicatore_B_buono/full_adder.vhd" in Library work.
Architecture structural of Entity full_adder is up to date.
Compiling vhdl file "/media/sf_ASE/VHDL/Milo/moltiplicatore_B_buono/ripple_carry_adder.vhd" in Library work.
Architecture structural of Entity ripple_carry_adder is up to date.
Compiling vhdl file "/media/sf_ASE/VHDL/Milo/moltiplicatore_B_buono/mux2_1.vhd" in Library work.
Architecture dataflow of Entity mux2_1 is up to date.
Compiling vhdl file "/media/sf_ASE/VHDL/Milo/moltiplicatore_B_buono/latch_d_en.vhd" in Library work.
Architecture behavioral of Entity latch_d_en is up to date.
Compiling vhdl file "/media/sf_ASE/VHDL/Milo/moltiplicatore_B_buono/Serial_Booth_PC_Moore.vhd" in Library work.
Entity <serial_booth_pc_moore> compiled.
Entity <serial_booth_pc_moore> (Architecture <behavioral>) compiled.
Compiling vhdl file "/media/sf_ASE/VHDL/Milo/moltiplicatore_B_buono/contatore_modulo_4.vhd" in Library work.
Architecture behavioral of Entity contatore_modulo_2n is up to date.
Compiling vhdl file "/media/sf_ASE/VHDL/Milo/moltiplicatore_B_buono/boundary_scan_chain.vhd" in Library work.
Architecture structural of Entity boundary_scan_chain is up to date.
Compiling vhdl file "/media/sf_ASE/VHDL/Milo/moltiplicatore_B_buono/add_sub.vhd" in Library work.
Architecture structural of Entity add_sub is up to date.
Compiling vhdl file "/media/sf_ASE/VHDL/Milo/moltiplicatore_B_buono/Booth_multiplier.vhd" in Library work.
Architecture structural of Entity booth_multiplier is up to date.

=========================================================================
*                     Design Hierarchy Analysis                         *
=========================================================================
Analyzing hierarchy for entity <Booth_multiplier> in library <work> (architecture <structural>) with generics.
	width = 8

Analyzing hierarchy for entity <Serial_Booth_PC_Moore> in library <work> (architecture <behavioral>).

Analyzing hierarchy for entity <contatore_modulo_2n> in library <work> (architecture <behavioral>) with generics.
	width = 3

Analyzing hierarchy for entity <boundary_scan_chain> in library <work> (architecture <structural>) with generics.
	n = 9

Analyzing hierarchy for entity <latch_d_en> in library <work> (architecture <behavioral>) with generics.
	width = 8

Analyzing hierarchy for entity <boundary_scan_chain> in library <work> (architecture <structural>) with generics.
	n = 8

Analyzing hierarchy for entity <add_sub> in library <work> (architecture <structural>) with generics.
	width = 8

Analyzing hierarchy for entity <latch_d_en> in library <work> (architecture <behavioral>) with generics.
	width = 16

Analyzing hierarchy for entity <latch_d_en> in library <work> (architecture <behavioral>) with generics.
	width = 1

Analyzing hierarchy for entity <mux2_1> in library <work> (architecture <dataflow>).

Analyzing hierarchy for entity <ripple_carry_adder> in library <work> (architecture <structural>) with generics.
	width = 8

Analyzing hierarchy for entity <full_adder> in library <work> (architecture <structural>).

Analyzing hierarchy for entity <half_adder> in library <work> (architecture <dataflow>).


=========================================================================
*                            HDL Analysis                               *
=========================================================================
Analyzing generic Entity <Booth_multiplier> in library <work> (Architecture <structural>).
	width = 8
WARNING:Xst:753 - "/media/sf_ASE/VHDL/Milo/moltiplicatore_B_buono/Booth_multiplier.vhd" line 123: Unconnected output port 'output' of component 'contatore_modulo_2n'.
WARNING:Xst:753 - "/media/sf_ASE/VHDL/Milo/moltiplicatore_B_buono/Booth_multiplier.vhd" line 124: Unconnected output port 'scan_out' of component 'boundary_scan_chain'.
WARNING:Xst:753 - "/media/sf_ASE/VHDL/Milo/moltiplicatore_B_buono/Booth_multiplier.vhd" line 127: Unconnected output port 'cout' of component 'add_sub'.
WARNING:Xst:753 - "/media/sf_ASE/VHDL/Milo/moltiplicatore_B_buono/Booth_multiplier.vhd" line 127: Unconnected output port 'overflow' of component 'add_sub'.
Entity <Booth_multiplier> analyzed. Unit <Booth_multiplier> generated.

Analyzing Entity <Serial_Booth_PC_Moore> in library <work> (Architecture <behavioral>).
Entity <Serial_Booth_PC_Moore> analyzed. Unit <Serial_Booth_PC_Moore> generated.

Analyzing generic Entity <contatore_modulo_2n> in library <work> (Architecture <behavioral>).
	width = 3
Entity <contatore_modulo_2n> analyzed. Unit <contatore_modulo_2n> generated.

Analyzing generic Entity <boundary_scan_chain.1> in library <work> (Architecture <structural>).
	n = 9
Entity <boundary_scan_chain.1> analyzed. Unit <boundary_scan_chain.1> generated.

Analyzing Entity <mux2_1> in library <work> (Architecture <dataflow>).
Entity <mux2_1> analyzed. Unit <mux2_1> generated.

Analyzing generic Entity <latch_d_en.1> in library <work> (Architecture <behavioral>).
	width = 8
Entity <latch_d_en.1> analyzed. Unit <latch_d_en.1> generated.

Analyzing generic Entity <boundary_scan_chain.2> in library <work> (Architecture <structural>).
	n = 8
Entity <boundary_scan_chain.2> analyzed. Unit <boundary_scan_chain.2> generated.

Analyzing generic Entity <add_sub> in library <work> (Architecture <structural>).
	width = 8
Entity <add_sub> analyzed. Unit <add_sub> generated.

Analyzing generic Entity <ripple_carry_adder> in library <work> (Architecture <structural>).
	width = 8
Entity <ripple_carry_adder> analyzed. Unit <ripple_carry_adder> generated.

Analyzing Entity <full_adder> in library <work> (Architecture <structural>).
Entity <full_adder> analyzed. Unit <full_adder> generated.

Analyzing Entity <half_adder> in library <work> (Architecture <dataflow>).
Entity <half_adder> analyzed. Unit <half_adder> generated.

Analyzing generic Entity <latch_d_en.2> in library <work> (Architecture <behavioral>).
	width = 16
Entity <latch_d_en.2> analyzed. Unit <latch_d_en.2> generated.

Analyzing generic Entity <latch_d_en.3> in library <work> (Architecture <behavioral>).
	width = 1
Entity <latch_d_en.3> analyzed. Unit <latch_d_en.3> generated.


=========================================================================
*                           HDL Synthesis                               *
=========================================================================

Performing bidirectional port resolution...

Synthesizing Unit <Serial_Booth_PC_Moore>.
    Related source file is "/media/sf_ASE/VHDL/Milo/moltiplicatore_B_buono/Serial_Booth_PC_Moore.vhd".
WARNING:Xst:1780 - Signal <q_val> is never used or assigned. This unconnected signal will be trimmed during the optimization process.
WARNING:Xst:1780 - Signal <en_q_val> is never used or assigned. This unconnected signal will be trimmed during the optimization process.
WARNING:Xst:1780 - Signal <en_a_val> is never used or assigned. This unconnected signal will be trimmed during the optimization process.
WARNING:Xst:1780 - Signal <a_val> is never used or assigned. This unconnected signal will be trimmed during the optimization process.
    Found finite state machine <FSM_0> for signal <current_state>.
    -----------------------------------------------------------------------
    | States             | 5                                              |
    | Transitions        | 7                                              |
    | Inputs             | 2                                              |
    | Outputs            | 5                                              |
    | Clock              | clk                       (rising_edge)        |
    | Reset              | reset                     (negative)           |
    | Reset type         | asynchronous                                   |
    | Reset State        | idle                                           |
    | Power Up State     | idle                                           |
    | Encoding           | automatic                                      |
    | Implementation     | LUT                                            |
    -----------------------------------------------------------------------
WARNING:Xst:737 - Found 1-bit latch for signal <en_a_0>. Latches may be generated from incomplete case or if statements. We do not recommend the use of latches in FPGA/CPLD designs, as they may lead to timing problems.
INFO:Xst:2371 - HDL ADVISOR - Logic functions respectively driving the data and gate enable inputs of this latch share common terms. This situation will potentially lead to setup/hold violations and, as a result, to simulation problems. This situation may come from an incomplete case statement (all selector values are not covered). You should carefully review if it was in your intentions to describe such a latch.
WARNING:Xst:737 - Found 1-bit latch for signal <en_q_0>. Latches may be generated from incomplete case or if statements. We do not recommend the use of latches in FPGA/CPLD designs, as they may lead to timing problems.
INFO:Xst:2371 - HDL ADVISOR - Logic functions respectively driving the data and gate enable inputs of this latch share common terms. This situation will potentially lead to setup/hold violations and, as a result, to simulation problems. This situation may come from an incomplete case statement (all selector values are not covered). You should carefully review if it was in your intentions to describe such a latch.
    Summary:
	inferred   1 Finite State Machine(s).
Unit <Serial_Booth_PC_Moore> synthesized.


Synthesizing Unit <contatore_modulo_2n>.
    Related source file is "/media/sf_ASE/VHDL/Milo/moltiplicatore_B_buono/contatore_modulo_4.vhd".
    Found 1-bit register for signal <hit>.
    Found 3-bit up counter for signal <count>.
    Summary:
	inferred   1 Counter(s).
	inferred   1 D-type flip-flop(s).
Unit <contatore_modulo_2n> synthesized.


Synthesizing Unit <latch_d_en_1>.
    Related source file is "/media/sf_ASE/VHDL/Milo/moltiplicatore_B_buono/latch_d_en.vhd".
    Found 8-bit register for signal <q>.
    Summary:
	inferred   8 D-type flip-flop(s).
Unit <latch_d_en_1> synthesized.


Synthesizing Unit <latch_d_en_2>.
    Related source file is "/media/sf_ASE/VHDL/Milo/moltiplicatore_B_buono/latch_d_en.vhd".
    Found 16-bit register for signal <q>.
    Summary:
	inferred  16 D-type flip-flop(s).
Unit <latch_d_en_2> synthesized.


Synthesizing Unit <latch_d_en_3>.
    Related source file is "/media/sf_ASE/VHDL/Milo/moltiplicatore_B_buono/latch_d_en.vhd".
    Found 1-bit register for signal <q<0>>.
    Summary:
	inferred   1 D-type flip-flop(s).
Unit <latch_d_en_3> synthesized.


Synthesizing Unit <mux2_1>.
    Related source file is "/media/sf_ASE/VHDL/Milo/moltiplicatore_B_buono/mux2_1.vhd".
Unit <mux2_1> synthesized.


Synthesizing Unit <half_adder>.
    Related source file is "/media/sf_ASE/VHDL/Milo/moltiplicatore_B_buono/half_adder.vhd".
    Found 1-bit xor2 for signal <s>.
Unit <half_adder> synthesized.


Synthesizing Unit <boundary_scan_chain_1>.
    Related source file is "/media/sf_ASE/VHDL/Milo/moltiplicatore_B_buono/boundary_scan_chain.vhd".
WARNING:Xst:1780 - Signal <scelta> is never used or assigned. This unconnected signal will be trimmed during the optimization process.
WARNING:Xst:1780 - Signal <q<8>> is never used or assigned. This unconnected signal will be trimmed during the optimization process.
WARNING:Xst:1780 - Signal <e> is never used or assigned. This unconnected signal will be trimmed during the optimization process.
Unit <boundary_scan_chain_1> synthesized.


Synthesizing Unit <boundary_scan_chain_2>.
    Related source file is "/media/sf_ASE/VHDL/Milo/moltiplicatore_B_buono/boundary_scan_chain.vhd".
WARNING:Xst:1780 - Signal <scelta> is never used or assigned. This unconnected signal will be trimmed during the optimization process.
WARNING:Xst:1780 - Signal <q<7>> is never used or assigned. This unconnected signal will be trimmed during the optimization process.
WARNING:Xst:1780 - Signal <e> is never used or assigned. This unconnected signal will be trimmed during the optimization process.
Unit <boundary_scan_chain_2> synthesized.


Synthesizing Unit <full_adder>.
    Related source file is "/media/sf_ASE/VHDL/Milo/moltiplicatore_B_buono/full_adder.vhd".
Unit <full_adder> synthesized.


Synthesizing Unit <ripple_carry_adder>.
    Related source file is "/media/sf_ASE/VHDL/Milo/moltiplicatore_B_buono/ripple_carry_adder.vhd".
Unit <ripple_carry_adder> synthesized.


Synthesizing Unit <add_sub>.
    Related source file is "/media/sf_ASE/VHDL/Milo/moltiplicatore_B_buono/add_sub.vhd".
    Found 8-bit xor2 for signal <b_add_sub>.
Unit <add_sub> synthesized.


Synthesizing Unit <Booth_multiplier>.
    Related source file is "/media/sf_ASE/VHDL/Milo/moltiplicatore_B_buono/Booth_multiplier.vhd".
WARNING:Xst:1780 - Signal <molt2> is never used or assigned. This unconnected signal will be trimmed during the optimization process.
Unit <Booth_multiplier> synthesized.


=========================================================================
HDL Synthesis Report

Macro Statistics
# Counters                                             : 1
 3-bit up counter                                      : 1
# Registers                                            : 21
 1-bit register                                        : 19
 16-bit register                                       : 1
 8-bit register                                        : 1
# Latches                                              : 2
 1-bit latch                                           : 2
# Xors                                                 : 24
 1-bit xor2                                            : 24

=========================================================================

=========================================================================
*                       Advanced HDL Synthesis                          *
=========================================================================

Analyzing FSM <FSM_0> for best encoding.
Optimizing FSM <cu/current_state/FSM> on signal <current_state[1:5]> with one-hot encoding.
--------------------
 State  | Encoding
--------------------
 idle   | 00001
 getseq | 00100
 init   | 00010
 inits  | 01000
 shift  | 10000
--------------------

=========================================================================
Advanced HDL Synthesis Report

Macro Statistics
# FSMs                                                 : 1
# Counters                                             : 1
 3-bit up counter                                      : 1
# Registers                                            : 43
 Flip-Flops                                            : 43
# Latches                                              : 2
 1-bit latch                                           : 2
# Xors                                                 : 24
 1-bit xor2                                            : 24

=========================================================================

=========================================================================
*                         Low Level Synthesis                           *
=========================================================================

Optimizing unit <Booth_multiplier> ...

Optimizing unit <Serial_Booth_PC_Moore> ...

Optimizing unit <latch_d_en_1> ...

Optimizing unit <latch_d_en_2> ...

Optimizing unit <boundary_scan_chain_1> ...

Optimizing unit <boundary_scan_chain_2> ...

Optimizing unit <ripple_carry_adder> ...

Optimizing unit <add_sub> ...

Mapping all equations...
Building and optimizing final netlist ...
Found area constraint ratio of 100 (+ 5) on block Booth_multiplier, actual ratio is 3.

Final Macro Processing ...

=========================================================================
Final Register Report

Macro Statistics
# Registers                                            : 51
 Flip-Flops                                            : 51

=========================================================================

=========================================================================
*                           Partition Report                            *
=========================================================================

Partition Implementation Status
-------------------------------

  No Partitions were found in this design.

-------------------------------

=========================================================================
*                            Final Report                               *
=========================================================================
Final Results
RTL Top Level Output File Name     : Booth_multiplier.ngr
Top Level Output File Name         : Booth_multiplier
Output Format                      : NGC
Optimization Goal                  : Speed
Keep Hierarchy                     : No

Design Statistics
# IOs                              : 37

Cell Usage :
# BELS                             : 82
#      INV                         : 2
#      LUT2                        : 6
#      LUT2_D                      : 1
#      LUT3                        : 31
#      LUT3_D                      : 3
#      LUT3_L                      : 1
#      LUT4                        : 27
#      LUT4_D                      : 2
#      LUT4_L                      : 2
#      MUXF5                       : 6
#      VCC                         : 1
# FlipFlops/Latches                : 53
#      FDC                         : 4
#      FDCE                        : 46
#      FDP                         : 1
#      LD                          : 2
# Clock Buffers                    : 1
#      BUFGP                       : 1
# IO Buffers                       : 36
#      IBUF                        : 18
#      OBUF                        : 18
=========================================================================

Device utilization summary:
---------------------------

Selected Device : 3s100etq144-5 

 Number of Slices:                       41  out of    960     4%  
 Number of Slice Flip Flops:             53  out of   1920     2%  
 Number of 4 input LUTs:                 75  out of   1920     3%  
 Number of IOs:                          37
 Number of bonded IOBs:                  37  out of    108    34%  
 Number of GCLKs:                         1  out of     24     4%  

---------------------------
Partition Resource Summary:
---------------------------

  No Partitions were found in this design.

---------------------------


=========================================================================
TIMING REPORT

NOTE: THESE TIMING NUMBERS ARE ONLY A SYNTHESIS ESTIMATE.
      FOR ACCURATE TIMING INFORMATION PLEASE REFER TO THE TRACE REPORT
      GENERATED AFTER PLACE-and-ROUTE.

Clock Information:
------------------
---------------------------------------+------------------------+-------+
Clock Signal                           | Clock buffer(FF name)  | Load  |
---------------------------------------+------------------------+-------+
clk                                    | BUFGP                  | 51    |
cu/en_a_0_not0001(cu/en_a_0_not00011:O)| NONE(*)(cu/en_a_0)     | 2     |
---------------------------------------+------------------------+-------+
(*) This 1 clock signal(s) are generated by combinatorial logic,
and XST is not able to identify which are the primary clock signals.
Please use the CLOCK_SIGNAL constraint to specify the clock signal(s) generated by combinatorial logic.
INFO:Xst:2169 - HDL ADVISOR - Some clock signals were not automatically buffered by XST with BUFG/BUFR resources. Please use the buffer_type constraint in order to insert these buffers to the clock signals to help prevent skew problems.

Asynchronous Control Signals Information:
----------------------------------------
-----------------------------------------------------------------------------------------------------------------+----------------------------------------------------+-------+
Control Signal                                                                                                   | Buffer(FF name)                                    | Load  |
-----------------------------------------------------------------------------------------------------------------+----------------------------------------------------+-------+
a/chain_gen[0].sc_out.inst_edge_triggered/reset_inv(q/chain_gen[0].sc_out.inst_edge_triggered/reset_inv1_INV_0:O)| NONE(a/chain_gen[0].sc_out.inst_edge_triggered/q_0)| 51    |
-----------------------------------------------------------------------------------------------------------------+----------------------------------------------------+-------+

Timing Summary:
---------------
Speed Grade: -5

   Minimum period: 5.448ns (Maximum Frequency: 183.560MHz)
   Minimum input arrival time before clock: 3.411ns
   Maximum output required time after clock: 4.672ns
   Maximum combinational path delay: No path found

Timing Detail:
--------------
All values displayed in nanoseconds (ns)

=========================================================================
Timing constraint: Default period analysis for Clock 'clk'
  Clock period: 5.448ns (frequency: 183.560MHz)
  Total number of paths / destination ports: 321 / 72
-------------------------------------------------------------------------
Delay:               5.448ns (Levels of Logic = 4)
  Source:            q/chain_gen[1].sc_ch.inst_edge_triggered/q_0 (FF)
  Destination:       a/chain_gen[7].sc_in.inst_edge_triggered/q_0 (FF)
  Source Clock:      clk rising
  Destination Clock: clk rising

  Data Path: q/chain_gen[1].sc_ch.inst_edge_triggered/q_0 to a/chain_gen[7].sc_in.inst_edge_triggered/q_0
                                Gate     Net
    Cell:in->out      fanout   Delay   Delay  Logical Name (Net Name)
    ----------------------------------------  ------------
     FDCE:C->Q            21   0.514   0.962  q/chain_gen[1].sc_ch.inst_edge_triggered/q_0 (q/chain_gen[1].sc_ch.inst_edge_triggered/q_0)
     LUT4:I3->O            1   0.612   0.360  a/chain_gen[7].sc_in.inst_mux2_1/X42_SW1_SW0 (N62)
     LUT4_D:I3->O          1   0.612   0.509  a/chain_gen[7].sc_in.inst_mux2_1/X42_SW1 (N40)
     LUT3:I0->O            1   0.612   0.387  gestore_shift/rca/carry<8>21_SW3 (N52)
     LUT4:I2->O            1   0.612   0.000  a/chain_gen[7].sc_in.inst_mux2_1/X87 (a/x<7>)
     FDCE:D                    0.268          a/chain_gen[7].sc_in.inst_edge_triggered/q_0
    ----------------------------------------
    Total                      5.448ns (3.230ns logic, 2.218ns route)
                                       (59.3% logic, 40.7% route)

=========================================================================
Timing constraint: Default OFFSET IN BEFORE for Clock 'clk'
  Total number of paths / destination ports: 18 / 18
-------------------------------------------------------------------------
Offset:              3.411ns (Levels of Logic = 3)
  Source:            mul2<1> (PAD)
  Destination:       q/chain_gen[2].sc_ch.inst_edge_triggered/q_0 (FF)
  Destination Clock: clk rising

  Data Path: mul2<1> to q/chain_gen[2].sc_ch.inst_edge_triggered/q_0
                                Gate     Net
    Cell:in->out      fanout   Delay   Delay  Logical Name (Net Name)
    ----------------------------------------  ------------
     IBUF:I->O             1   1.106   0.387  mul2_1_IBUF (mul2_1_IBUF)
     LUT3:I2->O            1   0.612   0.426  q/chain_gen[2].sc_ch.inst_mux2_1/X_SW0 (N14)
     LUT3:I1->O            1   0.612   0.000  q/chain_gen[2].sc_ch.inst_mux2_1/X (q/x<2>)
     FDCE:D                    0.268          q/chain_gen[2].sc_ch.inst_edge_triggered/q_0
    ----------------------------------------
    Total                      3.411ns (2.598ns logic, 0.813ns route)
                                       (76.2% logic, 23.8% route)

=========================================================================
Timing constraint: Default OFFSET OUT AFTER for Clock 'clk'
  Total number of paths / destination ports: 18 / 18
-------------------------------------------------------------------------
Offset:              4.672ns (Levels of Logic = 1)
  Source:            cu/current_state_FSM_FFd1 (FF)
  Destination:       en_i (PAD)
  Source Clock:      clk rising

  Data Path: cu/current_state_FSM_FFd1 to en_i
                                Gate     Net
    Cell:in->out      fanout   Delay   Delay  Logical Name (Net Name)
    ----------------------------------------  ------------
     FDC:C->Q             22   0.514   0.989  cu/current_state_FSM_FFd1 (cu/current_state_FSM_FFd1)
     OBUF:I->O                 3.169          en_i_OBUF (en_i)
    ----------------------------------------
    Total                      4.672ns (3.683ns logic, 0.989ns route)
                                       (78.8% logic, 21.2% route)

=========================================================================


Total REAL time to Xst completion: 6.00 secs
Total CPU time to Xst completion: 3.44 secs
 
--> 


Total memory usage is 515836 kilobytes

Number of errors   :    0 (   0 filtered)
Number of warnings :   17 (   0 filtered)
Number of infos    :    3 (   0 filtered)

