Running: /opt/Xilinx/14.7/ISE_DS/ISE/bin/lin64/unwrapped/fuse -relaunch -intstyle "ise" -incremental -o "/media/sf_ASE/VHDL/Milo/moltiplicatore_B_buono/Booth_testbench_isim_beh.exe" -prj "/media/sf_ASE/VHDL/Milo/moltiplicatore_B_buono/Booth_testbench_beh.prj" "work.Booth_testbench" 
ISim P.20131013 (signature 0xfbc00daa)
Number of CPUs detected in this system: 1
Turning on mult-threading, number of parallel sub-compilation jobs: 0 
Determining compilation order of HDL files
Parsing VHDL file "/media/sf_ASE/VHDL/Milo/moltiplicatore_B_buono/half_adder.vhd" into library work
Parsing VHDL file "/media/sf_ASE/VHDL/Milo/moltiplicatore_B_buono/full_adder.vhd" into library work
Parsing VHDL file "/media/sf_ASE/VHDL/Milo/moltiplicatore_B_buono/ripple_carry_adder.vhd" into library work
Parsing VHDL file "/media/sf_ASE/VHDL/Milo/moltiplicatore_B_buono/mux2_1.vhd" into library work
Parsing VHDL file "/media/sf_ASE/VHDL/Milo/moltiplicatore_B_buono/edge_triggered_d_n.vhd" into library work
Parsing VHDL file "/media/sf_ASE/VHDL/Milo/moltiplicatore_B_buono/Serial_Booth_PC_Moore.vhd" into library work
Parsing VHDL file "/media/sf_ASE/VHDL/Milo/moltiplicatore_B_buono/latch_d.vhd" into library work
Parsing VHDL file "/media/sf_ASE/VHDL/Milo/moltiplicatore_B_buono/contatore_modulo_4.vhd" into library work
Parsing VHDL file "/media/sf_ASE/VHDL/Milo/moltiplicatore_B_buono/boundary_scan_chain.vhd" into library work
Parsing VHDL file "/media/sf_ASE/VHDL/Milo/moltiplicatore_B_buono/add_sub.vhd" into library work
Parsing VHDL file "/media/sf_ASE/VHDL/Milo/moltiplicatore_B_buono/Booth_multiplier.vhd" into library work
Parsing VHDL file "/media/sf_ASE/VHDL/Milo/moltiplicatore_B_buono/Booth_testbench.vhd" into library work
Starting static elaboration
Completed static elaboration
Fuse Memory Usage: 97264 KB
Fuse CPU Usage: 1160 ms
Compiling package standard
Compiling package std_logic_1164
Compiling package numeric_std
Compiling package std_logic_arith
Compiling architecture behavioral of entity latch_d [\latch_d(8)\]
Compiling architecture behavioral of entity Serial_Booth_PC_Moore [serial_booth_pc_moore_default]
Compiling architecture behavioral of entity contatore_modulo_2n [\contatore_modulo_2n(3)\]
Compiling architecture dataflow of entity mux2_1 [mux2_1_default]
Compiling architecture behavioral of entity edge_triggered_d_n [\edge_triggered_d_n(1)\]
Compiling architecture structural of entity boundary_scan_chain [\boundary_scan_chain(9)\]
Compiling architecture structural of entity boundary_scan_chain [\boundary_scan_chain(8)\]
Compiling architecture dataflow of entity half_adder [half_adder_default]
Compiling architecture structural of entity full_adder [full_adder_default]
Compiling architecture structural of entity ripple_carry_adder [\ripple_carry_adder(8)\]
Compiling architecture structural of entity add_sub [\add_sub(8)\]
Compiling architecture behavioral of entity latch_d [\latch_d(16)\]
Compiling architecture structural of entity Booth_multiplier [\Booth_multiplier(8)\]
Compiling architecture behavior of entity booth_testbench
Time Resolution for simulation is 1ps.
Compiled 31 VHDL Units
Built simulation executable /media/sf_ASE/VHDL/Milo/moltiplicatore_B_buono/Booth_testbench_isim_beh.exe
Fuse Memory Usage: 114284 KB
Fuse CPU Usage: 1330 ms
GCC CPU Usage: 180 ms
