Release 14.7 - xst P.20131013 (lin64)
Copyright (c) 1995-2013 Xilinx, Inc.  All rights reserved.
--> 
Parameter TMPDIR set to xst/projnav.tmp


Total REAL time to Xst completion: 0.00 secs
Total CPU time to Xst completion: 0.02 secs
 
--> 
Parameter xsthdpdir set to xst


Total REAL time to Xst completion: 0.00 secs
Total CPU time to Xst completion: 0.02 secs
 
--> 
Reading design: display_top_level.prj

TABLE OF CONTENTS
  1) Synthesis Options Summary
  2) HDL Compilation
  3) Design Hierarchy Analysis
  4) HDL Analysis
  5) HDL Synthesis
     5.1) HDL Synthesis Report
  6) Advanced HDL Synthesis
     6.1) Advanced HDL Synthesis Report
  7) Low Level Synthesis
  8) Partition Report
  9) Final Report
	9.1) Device utilization summary
	9.2) Partition Resource Summary
	9.3) TIMING REPORT


=========================================================================
*                      Synthesis Options Summary                        *
=========================================================================
---- Source Parameters
Input File Name                    : "display_top_level.prj"
Input Format                       : mixed
Ignore Synthesis Constraint File   : NO

---- Target Parameters
Output File Name                   : "display_top_level"
Output Format                      : NGC
Target Device                      : xc3s100e-5-tq144

---- Source Options
Top Module Name                    : display_top_level
Automatic FSM Extraction           : YES
FSM Encoding Algorithm             : Auto
Safe Implementation                : No
FSM Style                          : LUT
RAM Extraction                     : Yes
RAM Style                          : Auto
ROM Extraction                     : Yes
Mux Style                          : Auto
Decoder Extraction                 : YES
Priority Encoder Extraction        : Yes
Shift Register Extraction          : YES
Logical Shifter Extraction         : YES
XOR Collapsing                     : YES
ROM Style                          : Auto
Mux Extraction                     : Yes
Resource Sharing                   : YES
Asynchronous To Synchronous        : NO
Multiplier Style                   : Auto
Automatic Register Balancing       : No

---- Target Options
Add IO Buffers                     : YES
Global Maximum Fanout              : 100000
Add Generic Clock Buffer(BUFG)     : 24
Register Duplication               : YES
Slice Packing                      : YES
Optimize Instantiated Primitives   : NO
Use Clock Enable                   : Yes
Use Synchronous Set                : Yes
Use Synchronous Reset              : Yes
Pack IO Registers into IOBs        : Auto
Equivalent register Removal        : YES

---- General Options
Optimization Goal                  : Speed
Optimization Effort                : 1
Keep Hierarchy                     : No
Netlist Hierarchy                  : As_Optimized
RTL Output                         : Yes
Global Optimization                : AllClockNets
Read Cores                         : YES
Write Timing Constraints           : NO
Cross Clock Analysis               : NO
Hierarchy Separator                : /
Bus Delimiter                      : <>
Case Specifier                     : Maintain
Slice Utilization Ratio            : 100
BRAM Utilization Ratio             : 100
Verilog 2001                       : YES
Auto BRAM Packing                  : NO
Slice Utilization Ratio Delta      : 5

=========================================================================


=========================================================================
*                          HDL Compilation                              *
=========================================================================
Compiling vhdl file "/media/sf_ASE/VHDL/Michele/ISE/DCM/muxn_1.vhd" in Library work.
Architecture dataflow of Entity muxn_1 is up to date.
Compiling vhdl file "/media/sf_ASE/VHDL/Michele/ISE/DCM/demux1_n.vhd" in Library work.
Architecture behavioral1 of Entity demux1_n is up to date.
Architecture behavioral2 of Entity demux1_n is up to date.
Architecture dataflow of Entity demux1_n is up to date.
Compiling vhdl file "/media/sf_ASE/VHDL/Michele/ISE/DCM/cathode_encoder.vhd" in Library work.
Architecture behavioral of Entity cathode_encoder is up to date.
Architecture structural of Entity cathode_encoder is up to date.
Architecture dataflow of Entity cathode_encoder is up to date.
Compiling vhdl file "/media/sf_ASE/VHDL/Michele/ISE/DCM/counter_mod2n.vhd" in Library work.
Architecture behavioral of Entity counter_mod2n is up to date.
Compiling vhdl file "/media/sf_ASE/VHDL/Michele/ISE/DCM/cathode_manager.vhd" in Library work.
Architecture structural of Entity cathode_manager is up to date.
Compiling vhdl file "/media/sf_ASE/VHDL/Michele/ISE/DCM/anode_manager.vhd" in Library work.
Architecture structural of Entity anode_manager is up to date.
Compiling vhdl file "/media/sf_ASE/VHDL/Michele/ISE/DCM/edge_triggered_d_n.vhd" in Library work.
Architecture behavioral of Entity edge_triggered_d_n is up to date.
Compiling vhdl file "/media/sf_ASE/VHDL/Michele/ISE/DCM/display_on_board.vhd" in Library work.
Architecture behavioral of Entity display_on_board is up to date.
Compiling vhdl file "/media/sf_ASE/VHDL/Michele/ISE/DCM/dcm.vhd" in Library work.
Architecture behavioral of Entity dcm is up to date.
Compiling vhdl file "/media/sf_ASE/VHDL/Michele/ISE/DCM/display.vhd" in Library work.
Architecture structural of Entity display is up to date.
Compiling vhdl file "/media/sf_ASE/VHDL/Michele/ISE/DCM/display_top_level.vhd" in Library work.
Entity <display_top_level> compiled.
Entity <display_top_level> (Architecture <structural>) compiled.

=========================================================================
*                     Design Hierarchy Analysis                         *
=========================================================================
Analyzing hierarchy for entity <display_top_level> in library <work> (architecture <structural>) with generics.
	freq_clock = 50000000
	freq_hit = 250

Analyzing hierarchy for entity <display_on_board> in library <work> (architecture <behavioral>).

Analyzing hierarchy for entity <dcm> in library <work> (architecture <behavioral>).

Analyzing hierarchy for entity <display> in library <work> (architecture <structural>).

Analyzing hierarchy for entity <edge_triggered_d_n> in library <work> (architecture <behavioral>) with generics.
	width = 16

Analyzing hierarchy for entity <edge_triggered_d_n> in library <work> (architecture <behavioral>) with generics.
	width = 4

Analyzing hierarchy for entity <counter_mod2n> in library <work> (architecture <behavioral>) with generics.
	width = 2

Analyzing hierarchy for entity <cathode_manager> in library <work> (architecture <structural>).

Analyzing hierarchy for entity <anode_manager> in library <work> (architecture <structural>).

Analyzing hierarchy for entity <muxn_1> in library <work> (architecture <dataflow>) with generics.
	address_width = 2

Analyzing hierarchy for entity <cathode_encoder> in library <work> (architecture <behavioral>).

Analyzing hierarchy for entity <demux1_n> in library <work> (architecture <dataflow>) with generics.
	address_width = 2


=========================================================================
*                            HDL Analysis                               *
=========================================================================
Analyzing generic Entity <display_top_level> in library <work> (Architecture <structural>).
	freq_clock = 50000000
	freq_hit = 250
WARNING:Xst:753 - "/media/sf_ASE/VHDL/Michele/ISE/DCM/display_top_level.vhd" line 110: Unconnected output port 'LOCKED_OUT' of component 'dcm'.
Entity <display_top_level> analyzed. Unit <display_top_level> generated.

Analyzing Entity <display_on_board> in library <work> (Architecture <behavioral>).
WARNING:Xst:752 - "/media/sf_ASE/VHDL/Michele/ISE/DCM/display_on_board.vhd" line 70: Unconnected input port 'en' of component 'edge_triggered_d_n' is tied to default value.
WARNING:Xst:752 - "/media/sf_ASE/VHDL/Michele/ISE/DCM/display_on_board.vhd" line 78: Unconnected input port 'en' of component 'edge_triggered_d_n' is tied to default value.
WARNING:Xst:752 - "/media/sf_ASE/VHDL/Michele/ISE/DCM/display_on_board.vhd" line 86: Unconnected input port 'en' of component 'edge_triggered_d_n' is tied to default value.
Entity <display_on_board> analyzed. Unit <display_on_board> generated.

Analyzing generic Entity <edge_triggered_d_n.1> in library <work> (Architecture <behavioral>).
	width = 16
Entity <edge_triggered_d_n.1> analyzed. Unit <edge_triggered_d_n.1> generated.

Analyzing generic Entity <edge_triggered_d_n.2> in library <work> (Architecture <behavioral>).
	width = 4
Entity <edge_triggered_d_n.2> analyzed. Unit <edge_triggered_d_n.2> generated.

Analyzing Entity <dcm> in library <work> (Architecture <behavioral>).
    Set user-defined property "CLKDV_DIVIDE =  2.0000000000000000" for instance <DCM_SP_INST> in unit <dcm>.
    Set user-defined property "CLKFX_DIVIDE =  20" for instance <DCM_SP_INST> in unit <dcm>.
    Set user-defined property "CLKFX_MULTIPLY =  2" for instance <DCM_SP_INST> in unit <dcm>.
    Set user-defined property "CLKIN_DIVIDE_BY_2 =  FALSE" for instance <DCM_SP_INST> in unit <dcm>.
    Set user-defined property "CLKIN_PERIOD =  20.0000000000000000" for instance <DCM_SP_INST> in unit <dcm>.
    Set user-defined property "CLKOUT_PHASE_SHIFT =  NONE" for instance <DCM_SP_INST> in unit <dcm>.
    Set user-defined property "CLK_FEEDBACK =  1X" for instance <DCM_SP_INST> in unit <dcm>.
    Set user-defined property "DESKEW_ADJUST =  SYSTEM_SYNCHRONOUS" for instance <DCM_SP_INST> in unit <dcm>.
    Set user-defined property "DFS_FREQUENCY_MODE =  LOW" for instance <DCM_SP_INST> in unit <dcm>.
    Set user-defined property "DLL_FREQUENCY_MODE =  LOW" for instance <DCM_SP_INST> in unit <dcm>.
    Set user-defined property "DSS_MODE =  NONE" for instance <DCM_SP_INST> in unit <dcm>.
    Set user-defined property "DUTY_CYCLE_CORRECTION =  TRUE" for instance <DCM_SP_INST> in unit <dcm>.
    Set user-defined property "FACTORY_JF =  C080" for instance <DCM_SP_INST> in unit <dcm>.
    Set user-defined property "PHASE_SHIFT =  0" for instance <DCM_SP_INST> in unit <dcm>.
    Set user-defined property "STARTUP_WAIT =  TRUE" for instance <DCM_SP_INST> in unit <dcm>.
Entity <dcm> analyzed. Unit <dcm> generated.

Analyzing Entity <display> in library <work> (Architecture <structural>).
Entity <display> analyzed. Unit <display> generated.

Analyzing generic Entity <counter_mod2n> in library <work> (Architecture <behavioral>).
	width = 2
Entity <counter_mod2n> analyzed. Unit <counter_mod2n> generated.

Analyzing Entity <cathode_manager> in library <work> (Architecture <structural>).
Entity <cathode_manager> analyzed. Unit <cathode_manager> generated.

Analyzing generic Entity <muxn_1> in library <work> (Architecture <dataflow>).
	address_width = 2
Entity <muxn_1> analyzed. Unit <muxn_1> generated.

Analyzing Entity <cathode_encoder> in library <work> (Architecture <behavioral>).
INFO:Xst:1561 - "/media/sf_ASE/VHDL/Michele/ISE/DCM/cathode_encoder.vhd" line 92: Mux is complete : default of case is discarded
Entity <cathode_encoder> analyzed. Unit <cathode_encoder> generated.

Analyzing Entity <anode_manager> in library <work> (Architecture <structural>).
Entity <anode_manager> analyzed. Unit <anode_manager> generated.

Analyzing generic Entity <demux1_n> in library <work> (Architecture <dataflow>).
	address_width = 2
Entity <demux1_n> analyzed. Unit <demux1_n> generated.


=========================================================================
*                           HDL Synthesis                               *
=========================================================================

Performing bidirectional port resolution...

Synthesizing Unit <edge_triggered_d_n_1>.
    Related source file is "/media/sf_ASE/VHDL/Michele/ISE/DCM/edge_triggered_d_n.vhd".
    Found 16-bit register for signal <q>.
    Summary:
	inferred  16 D-type flip-flop(s).
Unit <edge_triggered_d_n_1> synthesized.


Synthesizing Unit <edge_triggered_d_n_2>.
    Related source file is "/media/sf_ASE/VHDL/Michele/ISE/DCM/edge_triggered_d_n.vhd".
    Found 4-bit register for signal <q>.
    Summary:
	inferred   4 D-type flip-flop(s).
Unit <edge_triggered_d_n_2> synthesized.


Synthesizing Unit <counter_mod2n>.
    Related source file is "/media/sf_ASE/VHDL/Michele/ISE/DCM/counter_mod2n.vhd".
    Found 2-bit up counter for signal <count>.
    Summary:
	inferred   1 Counter(s).
Unit <counter_mod2n> synthesized.


Synthesizing Unit <muxn_1>.
    Related source file is "/media/sf_ASE/VHDL/Michele/ISE/DCM/muxn_1.vhd".
    Found 1-bit 4-to-1 multiplexer for signal <X>.
    Summary:
	inferred   1 Multiplexer(s).
Unit <muxn_1> synthesized.


Synthesizing Unit <cathode_encoder>.
    Related source file is "/media/sf_ASE/VHDL/Michele/ISE/DCM/cathode_encoder.vhd".
    Found 16x7-bit ROM for signal <cathodes>.
    Summary:
	inferred   1 ROM(s).
Unit <cathode_encoder> synthesized.


Synthesizing Unit <demux1_n>.
    Related source file is "/media/sf_ASE/VHDL/Michele/ISE/DCM/demux1_n.vhd".
Unit <demux1_n> synthesized.


Synthesizing Unit <display_on_board>.
    Related source file is "/media/sf_ASE/VHDL/Michele/ISE/DCM/display_on_board.vhd".
    Found 4-bit register for signal <dots_reg>.
    Found 4-bit register for signal <enable_reg>.
    Found 16-bit register for signal <value_reg>.
    Summary:
	inferred  24 D-type flip-flop(s).
Unit <display_on_board> synthesized.


Synthesizing Unit <dcm>.
    Related source file is "/media/sf_ASE/VHDL/Michele/ISE/DCM/dcm.vhd".
Unit <dcm> synthesized.


Synthesizing Unit <cathode_manager>.
    Related source file is "/media/sf_ASE/VHDL/Michele/ISE/DCM/cathode_manager.vhd".
Unit <cathode_manager> synthesized.


Synthesizing Unit <anode_manager>.
    Related source file is "/media/sf_ASE/VHDL/Michele/ISE/DCM/anode_manager.vhd".
Unit <anode_manager> synthesized.


Synthesizing Unit <display>.
    Related source file is "/media/sf_ASE/VHDL/Michele/ISE/DCM/display.vhd".
Unit <display> synthesized.


Synthesizing Unit <display_top_level>.
    Related source file is "/media/sf_ASE/VHDL/Michele/ISE/DCM/display_top_level.vhd".
Unit <display_top_level> synthesized.


=========================================================================
HDL Synthesis Report

Macro Statistics
# ROMs                                                 : 1
 16x7-bit ROM                                          : 1
# Counters                                             : 1
 2-bit up counter                                      : 1
# Registers                                            : 6
 16-bit register                                       : 2
 4-bit register                                        : 4
# Multiplexers                                         : 6
 1-bit 4-to-1 multiplexer                              : 6

=========================================================================

=========================================================================
*                       Advanced HDL Synthesis                          *
=========================================================================

WARNING:Xst:79 - Model 'dcm' has different characteristics in destination library
WARNING:Xst:80 - Model name has been changed to 'dcm1'
INFO:Xst:2261 - The FF/Latch <q_0> in Unit <inst_edge_triggered_value> is equivalent to the following 15 FFs/Latches, which will be removed : <q_1> <q_2> <q_3> <q_4> <q_5> <q_6> <q_7> <q_8> <q_9> <q_10> <q_11> <q_12> <q_13> <q_14> <q_15> 
WARNING:Xst:1710 - FF/Latch <q_0> (without init value) has a constant value of 0 in block <inst_edge_triggered_value>. This FF/Latch will be trimmed during the optimization process.
WARNING:Xst:1710 - FF/Latch <q_0> (without init value) has a constant value of 0 in block <inst_edge_triggered_dots>. This FF/Latch will be trimmed during the optimization process.
WARNING:Xst:1710 - FF/Latch <q_1> (without init value) has a constant value of 0 in block <inst_edge_triggered_dots>. This FF/Latch will be trimmed during the optimization process.
WARNING:Xst:1710 - FF/Latch <q_2> (without init value) has a constant value of 0 in block <inst_edge_triggered_dots>. This FF/Latch will be trimmed during the optimization process.
WARNING:Xst:1710 - FF/Latch <q_3> (without init value) has a constant value of 0 in block <inst_edge_triggered_dots>. This FF/Latch will be trimmed during the optimization process.
WARNING:Xst:1710 - FF/Latch <q_0> (without init value) has a constant value of 0 in block <inst_edge_triggered_enable>. This FF/Latch will be trimmed during the optimization process.
WARNING:Xst:1710 - FF/Latch <q_1> (without init value) has a constant value of 0 in block <inst_edge_triggered_enable>. This FF/Latch will be trimmed during the optimization process.
WARNING:Xst:1710 - FF/Latch <q_2> (without init value) has a constant value of 0 in block <inst_edge_triggered_enable>. This FF/Latch will be trimmed during the optimization process.
WARNING:Xst:1710 - FF/Latch <q_3> (without init value) has a constant value of 0 in block <inst_edge_triggered_enable>. This FF/Latch will be trimmed during the optimization process.
WARNING:Xst:1898 - Due to constant pushing, FF/Latch <dots_reg_0> is unconnected in block <inst_on_board>.
WARNING:Xst:1898 - Due to constant pushing, FF/Latch <dots_reg_1> is unconnected in block <inst_on_board>.
WARNING:Xst:1898 - Due to constant pushing, FF/Latch <dots_reg_2> is unconnected in block <inst_on_board>.
WARNING:Xst:1898 - Due to constant pushing, FF/Latch <dots_reg_3> is unconnected in block <inst_on_board>.
WARNING:Xst:1898 - Due to constant pushing, FF/Latch <enable_reg_0> is unconnected in block <inst_on_board>.
WARNING:Xst:1898 - Due to constant pushing, FF/Latch <enable_reg_1> is unconnected in block <inst_on_board>.
WARNING:Xst:1898 - Due to constant pushing, FF/Latch <enable_reg_2> is unconnected in block <inst_on_board>.
WARNING:Xst:1898 - Due to constant pushing, FF/Latch <enable_reg_3> is unconnected in block <inst_on_board>.
WARNING:Xst:1290 - Hierarchical block <inst_edge_triggered_dots> is unconnected in block <inst_on_board>.
   It will be removed from the design.
WARNING:Xst:1290 - Hierarchical block <inst_edge_triggered_enable> is unconnected in block <inst_on_board>.
   It will be removed from the design.
WARNING:Xst:2404 -  FFs/Latches <q<15:0>> (without init value) have a constant value of 0 in block <edge_triggered_d_n_1>.

=========================================================================
Advanced HDL Synthesis Report

Macro Statistics
# ROMs                                                 : 1
 16x7-bit ROM                                          : 1
# Counters                                             : 1
 2-bit up counter                                      : 1
# Registers                                            : 32
 Flip-Flops                                            : 32
# Multiplexers                                         : 6
 1-bit 4-to-1 multiplexer                              : 6

=========================================================================

=========================================================================
*                         Low Level Synthesis                           *
=========================================================================
WARNING:Xst:1710 - FF/Latch <inst_edge_triggered_enable/q_3> (without init value) has a constant value of 0 in block <display_on_board>. This FF/Latch will be trimmed during the optimization process.
WARNING:Xst:1895 - Due to other FF/Latch trimming, FF/Latch <inst_edge_triggered_enable/q_2> (without init value) has a constant value of 0 in block <display_on_board>. This FF/Latch will be trimmed during the optimization process.
WARNING:Xst:1895 - Due to other FF/Latch trimming, FF/Latch <inst_edge_triggered_enable/q_1> (without init value) has a constant value of 0 in block <display_on_board>. This FF/Latch will be trimmed during the optimization process.
WARNING:Xst:1895 - Due to other FF/Latch trimming, FF/Latch <inst_edge_triggered_enable/q_0> (without init value) has a constant value of 0 in block <display_on_board>. This FF/Latch will be trimmed during the optimization process.
WARNING:Xst:1895 - Due to other FF/Latch trimming, FF/Latch <inst_edge_triggered_dots/q_3> (without init value) has a constant value of 0 in block <display_on_board>. This FF/Latch will be trimmed during the optimization process.
WARNING:Xst:1895 - Due to other FF/Latch trimming, FF/Latch <inst_edge_triggered_dots/q_2> (without init value) has a constant value of 0 in block <display_on_board>. This FF/Latch will be trimmed during the optimization process.
WARNING:Xst:1895 - Due to other FF/Latch trimming, FF/Latch <inst_edge_triggered_dots/q_1> (without init value) has a constant value of 0 in block <display_on_board>. This FF/Latch will be trimmed during the optimization process.
WARNING:Xst:1895 - Due to other FF/Latch trimming, FF/Latch <inst_edge_triggered_dots/q_0> (without init value) has a constant value of 0 in block <display_on_board>. This FF/Latch will be trimmed during the optimization process.
WARNING:Xst:2677 - Node <value_reg_0> of sequential type is unconnected in block <display_on_board>.
WARNING:Xst:2677 - Node <value_reg_1> of sequential type is unconnected in block <display_on_board>.
WARNING:Xst:2677 - Node <value_reg_2> of sequential type is unconnected in block <display_on_board>.
WARNING:Xst:2677 - Node <value_reg_3> of sequential type is unconnected in block <display_on_board>.
WARNING:Xst:2677 - Node <value_reg_4> of sequential type is unconnected in block <display_on_board>.
WARNING:Xst:2677 - Node <value_reg_5> of sequential type is unconnected in block <display_on_board>.
WARNING:Xst:2677 - Node <value_reg_6> of sequential type is unconnected in block <display_on_board>.
WARNING:Xst:2677 - Node <value_reg_7> of sequential type is unconnected in block <display_on_board>.
WARNING:Xst:2677 - Node <value_reg_8> of sequential type is unconnected in block <display_on_board>.
WARNING:Xst:2677 - Node <value_reg_9> of sequential type is unconnected in block <display_on_board>.
WARNING:Xst:2677 - Node <value_reg_10> of sequential type is unconnected in block <display_on_board>.
WARNING:Xst:2677 - Node <value_reg_11> of sequential type is unconnected in block <display_on_board>.
WARNING:Xst:2677 - Node <value_reg_12> of sequential type is unconnected in block <display_on_board>.
WARNING:Xst:2677 - Node <value_reg_13> of sequential type is unconnected in block <display_on_board>.
WARNING:Xst:2677 - Node <value_reg_14> of sequential type is unconnected in block <display_on_board>.
WARNING:Xst:2677 - Node <value_reg_15> of sequential type is unconnected in block <display_on_board>.
WARNING:Xst:1898 - Due to constant pushing, FF/Latch <enable_reg_3> is unconnected in block <display_on_board>.
WARNING:Xst:1898 - Due to constant pushing, FF/Latch <enable_reg_2> is unconnected in block <display_on_board>.
WARNING:Xst:1898 - Due to constant pushing, FF/Latch <enable_reg_1> is unconnected in block <display_on_board>.
WARNING:Xst:1898 - Due to constant pushing, FF/Latch <enable_reg_0> is unconnected in block <display_on_board>.
WARNING:Xst:1898 - Due to constant pushing, FF/Latch <dots_reg_3> is unconnected in block <display_on_board>.
WARNING:Xst:1898 - Due to constant pushing, FF/Latch <dots_reg_2> is unconnected in block <display_on_board>.
WARNING:Xst:1898 - Due to constant pushing, FF/Latch <dots_reg_1> is unconnected in block <display_on_board>.
WARNING:Xst:1898 - Due to constant pushing, FF/Latch <dots_reg_0> is unconnected in block <display_on_board>.

Optimizing unit <display_top_level> ...

Mapping all equations...
Building and optimizing final netlist ...
Found area constraint ratio of 100 (+ 5) on block display_top_level, actual ratio is 0.

Final Macro Processing ...

=========================================================================
Final Register Report

Macro Statistics
# Registers                                            : 2
 Flip-Flops                                            : 2

=========================================================================

=========================================================================
*                           Partition Report                            *
=========================================================================

Partition Implementation Status
-------------------------------

  No Partitions were found in this design.

-------------------------------

=========================================================================
*                            Final Report                               *
=========================================================================
Final Results
RTL Top Level Output File Name     : display_top_level.ngr
Top Level Output File Name         : display_top_level
Output Format                      : NGC
Optimization Goal                  : Speed
Keep Hierarchy                     : No

Design Statistics
# IOs                              : 40

Cell Usage :
# BELS                             : 8
#      GND                         : 1
#      INV                         : 1
#      LUT2                        : 5
#      VCC                         : 1
# FlipFlops/Latches                : 2
#      FDCE                        : 2
# Clock Buffers                    : 2
#      BUFG                        : 2
# IO Buffers                       : 14
#      IBUF                        : 1
#      IBUFG                       : 1
#      OBUF                        : 12
# DCMs                             : 1
#      DCM_SP                      : 1
=========================================================================

Device utilization summary:
---------------------------

Selected Device : 3s100etq144-5 

 Number of Slices:                        3  out of    960     0%  
 Number of Slice Flip Flops:              2  out of   1920     0%  
 Number of 4 input LUTs:                  6  out of   1920     0%  
 Number of IOs:                          40
 Number of bonded IOBs:                  14  out of    108    12%  
 Number of GCLKs:                         2  out of     24     8%  
 Number of DCMs:                          1  out of      2    50%  

---------------------------
Partition Resource Summary:
---------------------------

  No Partitions were found in this design.

---------------------------


=========================================================================
TIMING REPORT

NOTE: THESE TIMING NUMBERS ARE ONLY A SYNTHESIS ESTIMATE.
      FOR ACCURATE TIMING INFORMATION PLEASE REFER TO THE TRACE REPORT
      GENERATED AFTER PLACE-and-ROUTE.

Clock Information:
------------------
-----------------------------------+----------------------------------------+-------+
Clock Signal                       | Clock buffer(FF name)                  | Load  |
-----------------------------------+----------------------------------------+-------+
clock                              | digital_clock_manager/DCM_SP_INST:CLKFX| 2     |
-----------------------------------+----------------------------------------+-------+

Asynchronous Control Signals Information:
----------------------------------------
-----------------------------------+------------------------+-------+
Control Signal                     | Buffer(FF name)        | Load  |
-----------------------------------+------------------------+-------+
reset                              | IBUF                   | 2     |
-----------------------------------+------------------------+-------+

Timing Summary:
---------------
Speed Grade: -5

   Minimum period: 0.232ns (Maximum Frequency: 4310.995MHz)
   Minimum input arrival time before clock: No path found
   Maximum output required time after clock: 5.373ns
   Maximum combinational path delay: No path found

Timing Detail:
--------------
All values displayed in nanoseconds (ns)

=========================================================================
Timing constraint: Default period analysis for Clock 'clock'
  Clock period: 0.232ns (frequency: 4310.995MHz)
  Total number of paths / destination ports: 3 / 2
-------------------------------------------------------------------------
Delay:               2.320ns (Levels of Logic = 1)
  Source:            inst_display/inst_counter/count_0 (FF)
  Destination:       inst_display/inst_counter/count_0 (FF)
  Source Clock:      clock rising 0.1X
  Destination Clock: clock rising 0.1X

  Data Path: inst_display/inst_counter/count_0 to inst_display/inst_counter/count_0
                                Gate     Net
    Cell:in->out      fanout   Delay   Delay  Logical Name (Net Name)
    ----------------------------------------  ------------
     FDCE:C->Q             6   0.514   0.569  inst_display/inst_counter/count_0 (inst_display/inst_counter/count_0)
     INV:I->O              1   0.612   0.357  inst_display/inst_counter/Mcount_count_xor<0>11_INV_0 (Result<0>)
     FDCE:D                    0.268          inst_display/inst_counter/count_0
    ----------------------------------------
    Total                      2.320ns (1.394ns logic, 0.926ns route)
                                       (60.1% logic, 39.9% route)

=========================================================================
Timing constraint: Default OFFSET OUT AFTER for Clock 'clock'
  Total number of paths / destination ports: 8 / 4
-------------------------------------------------------------------------
Offset:              5.373ns (Levels of Logic = 2)
  Source:            inst_display/inst_counter/count_0 (FF)
  Destination:       anodes<3> (PAD)
  Source Clock:      clock rising 0.1X

  Data Path: inst_display/inst_counter/count_0 to anodes<3>
                                Gate     Net
    Cell:in->out      fanout   Delay   Delay  Logical Name (Net Name)
    ----------------------------------------  ------------
     FDCE:C->Q             6   0.514   0.721  inst_display/inst_counter/count_0 (inst_display/inst_counter/count_0)
     LUT2:I0->O            1   0.612   0.357  inst_display/inst_anode_manager/inst_demux4_1/x_3_mux00001 (anodes_3_OBUF)
     OBUF:I->O                 3.169          anodes_3_OBUF (anodes<3>)
    ----------------------------------------
    Total                      5.373ns (4.295ns logic, 1.078ns route)
                                       (79.9% logic, 20.1% route)

=========================================================================


Total REAL time to Xst completion: 4.00 secs
Total CPU time to Xst completion: 3.02 secs
 
--> 


Total memory usage is 531292 kilobytes

Number of errors   :    0 (   0 filtered)
Number of warnings :   58 (   0 filtered)
Number of infos    :    2 (   0 filtered)

