#:C0     
#Xilinx FPGA Editor Command Log File
#Editor Version:
#:V   NT M2.1 P.49d
#Current Working Directory:
#:D   C:\Users\Michele\Documents\uni\VHDL\ISE\DCM
#Date/Time:
#:T   Mon Jan 15 00:01:04 2018
#------------------------------
	#Reading display_cu_map.ncd...
	#Loading device for application Rf_Device from file '3s100e.nph' in environment C:\Xilinx\14.4\ISE_DS\ISE\.
	#   "display_cu" is an NCD, version 3.2, device xc3s100e, package tq144, speed -5
	#Design creation date: 2018.01.14.23.00.41
	#Building chip graphics...
	#Loading speed info...
	#1
setattr main edit-mode no-logic-changes
	#2
setattr main disable_draw on
	#3
setattr layer switch_boxes view on
	#4
setattr main disable_draw off
	#Hint: change the visibility of more than one layer at a time by clicking on the apply button, clicking two or more layer buttons, and then clicking on the apply button again.
	#5
setattr main disable_draw on
	#6
setattr layer switch_boxes view off
	#7
setattr main disable_draw off
