--------------------------------------------------------------------------------
Release 14.7 Trace  (lin64)
Copyright (c) 1995-2013 Xilinx, Inc.  All rights reserved.

/opt/Xilinx/14.7/ISE_DS/ISE/bin/lin64/unwrapped/trce -intstyle ise -v 3 -s 5 -n
3 -fastpaths -xml diplay_7_segmenti.twx diplay_7_segmenti.ncd -o
diplay_7_segmenti.twr diplay_7_segmenti.pcf

Design file:              diplay_7_segmenti.ncd
Physical constraint file: diplay_7_segmenti.pcf
Device,package,speed:     xc3s100e,tq144,-5 (PRODUCTION 1.27 2013-10-13)
Report level:             verbose report

Environment Variable      Effect 
--------------------      ------ 
NONE                      No environment variables were set
--------------------------------------------------------------------------------

INFO:Timing:2698 - No timing constraints found, doing default enumeration.
INFO:Timing:3412 - To improve timing, see the Timing Closure User Guide (UG612).
INFO:Timing:2752 - To get complete path coverage, use the unconstrained paths 
   option. All paths that are not constrained will be reported in the 
   unconstrained paths section(s) of the report.
INFO:Timing:3339 - The clock-to-out numbers in this timing report are based on 
   a 50 Ohm transmission line loading model.  For the details of this model, 
   and for more information on accounting for different loading conditions, 
   please see the device datasheet.
INFO:Timing:3390 - This architecture does not support a default System Jitter 
   value, please add SYSTEM_JITTER constraint to the UCF to modify the Clock 
   Uncertainty calculation.
INFO:Timing:3389 - This architecture does not support 'Discrete Jitter' and 
   'Phase Error' calculations, these terms will be zero in the Clock 
   Uncertainty calculation.  Please make appropriate modification to 
   SYSTEM_JITTER to account for the unsupported Discrete Jitter and Phase 
   Error.



Data Sheet report:
-----------------
All values displayed in nanoseconds (ns)

Pad to Pad
---------------+---------------+---------+
Source Pad     |Destination Pad|  Delay  |
---------------+---------------+---------+
switch<0>      |segment<0>     |    5.882|
switch<0>      |segment<1>     |    6.050|
switch<0>      |segment<2>     |    5.963|
switch<0>      |segment<3>     |    6.419|
switch<0>      |segment<4>     |    6.618|
switch<0>      |segment<5>     |    7.475|
switch<0>      |segment<6>     |    7.705|
switch<1>      |segment<0>     |    6.057|
switch<1>      |segment<1>     |    6.659|
switch<1>      |segment<2>     |    6.599|
switch<1>      |segment<3>     |    6.988|
switch<1>      |segment<4>     |    7.063|
switch<1>      |segment<5>     |    7.549|
switch<1>      |segment<6>     |    7.627|
switch<2>      |segment<0>     |    5.592|
switch<2>      |segment<1>     |    6.475|
switch<2>      |segment<2>     |    6.421|
switch<2>      |segment<3>     |    6.645|
switch<2>      |segment<4>     |    6.435|
switch<2>      |segment<5>     |    6.193|
switch<2>      |segment<6>     |    6.594|
switch<3>      |segment<0>     |    5.957|
switch<3>      |segment<1>     |    5.984|
switch<3>      |segment<2>     |    5.874|
switch<3>      |segment<3>     |    6.202|
switch<3>      |segment<4>     |    6.887|
switch<3>      |segment<5>     |    6.865|
switch<3>      |segment<6>     |    7.239|
---------------+---------------+---------+


Analysis completed Mon Oct 30 12:26:01 2017 
--------------------------------------------------------------------------------

Trace Settings:
-------------------------
Trace Settings 

Peak Memory Usage: 332 MB



