Release 14.7 - xst P.20131013 (lin64)
Copyright (c) 1995-2013 Xilinx, Inc.  All rights reserved.
--> 
Parameter TMPDIR set to xst/projnav.tmp


Total REAL time to Xst completion: 0.00 secs
Total CPU time to Xst completion: 0.05 secs
 
--> 
Parameter xsthdpdir set to xst


Total REAL time to Xst completion: 0.00 secs
Total CPU time to Xst completion: 0.05 secs
 
--> 
Reading design: diplay_sette_segmenti_b.prj

TABLE OF CONTENTS
  1) Synthesis Options Summary
  2) HDL Compilation
  3) Design Hierarchy Analysis
  4) HDL Analysis
  5) HDL Synthesis
     5.1) HDL Synthesis Report
  6) Advanced HDL Synthesis
     6.1) Advanced HDL Synthesis Report
  7) Low Level Synthesis
  8) Partition Report
  9) Final Report
	9.1) Device utilization summary
	9.2) Partition Resource Summary
	9.3) TIMING REPORT


=========================================================================
*                      Synthesis Options Summary                        *
=========================================================================
---- Source Parameters
Input File Name                    : "diplay_sette_segmenti_b.prj"
Input Format                       : mixed
Ignore Synthesis Constraint File   : NO

---- Target Parameters
Output File Name                   : "diplay_sette_segmenti_b"
Output Format                      : NGC
Target Device                      : xc3s100e-5-tq144

---- Source Options
Top Module Name                    : diplay_sette_segmenti_b
Automatic FSM Extraction           : YES
FSM Encoding Algorithm             : Auto
Safe Implementation                : No
FSM Style                          : LUT
RAM Extraction                     : Yes
RAM Style                          : Auto
ROM Extraction                     : Yes
Mux Style                          : Auto
Decoder Extraction                 : YES
Priority Encoder Extraction        : Yes
Shift Register Extraction          : YES
Logical Shifter Extraction         : YES
XOR Collapsing                     : YES
ROM Style                          : Auto
Mux Extraction                     : Yes
Resource Sharing                   : YES
Asynchronous To Synchronous        : NO
Multiplier Style                   : Auto
Automatic Register Balancing       : No

---- Target Options
Add IO Buffers                     : YES
Global Maximum Fanout              : 100000
Add Generic Clock Buffer(BUFG)     : 24
Register Duplication               : YES
Slice Packing                      : YES
Optimize Instantiated Primitives   : NO
Use Clock Enable                   : Yes
Use Synchronous Set                : Yes
Use Synchronous Reset              : Yes
Pack IO Registers into IOBs        : Auto
Equivalent register Removal        : YES

---- General Options
Optimization Goal                  : Speed
Optimization Effort                : 1
Keep Hierarchy                     : No
Netlist Hierarchy                  : As_Optimized
RTL Output                         : Yes
Global Optimization                : AllClockNets
Read Cores                         : YES
Write Timing Constraints           : NO
Cross Clock Analysis               : NO
Hierarchy Separator                : /
Bus Delimiter                      : <>
Case Specifier                     : Maintain
Slice Utilization Ratio            : 100
BRAM Utilization Ratio             : 100
Verilog 2001                       : YES
Auto BRAM Packing                  : NO
Slice Utilization Ratio Delta      : 5

=========================================================================


=========================================================================
*                          HDL Compilation                              *
=========================================================================
Compiling vhdl file "/home/sav/ASE/display_sette_segmenti/display_sette_segmenti_g.vhd" in Library work.
Architecture dataflow of Entity display_sette_segmenti_g is up to date.
Compiling vhdl file "/home/sav/ASE/display_sette_segmenti/diplay_sette_segmenti_e.vhd" in Library work.
Architecture dataflow of Entity display_sette_segmenti_e is up to date.
Compiling vhdl file "/home/sav/ASE/display_sette_segmenti/diplay_sette_segmenti_b.vhd" in Library work.
Entity <display_sette_segmenti_b> compiled.
Entity <diplay_sette_segmenti_b> (Architecture <structural>) compiled.

=========================================================================
*                     Design Hierarchy Analysis                         *
=========================================================================
Analyzing hierarchy for entity <diplay_sette_segmenti_b> in library <work> (architecture <structural>).
WARNING:Xst:2094 - "/home/sav/ASE/display_sette_segmenti/diplay_sette_segmenti_b.vhd" line 38: Default value is ignored for signal <x>.
WARNING:Xst:2094 - "/home/sav/ASE/display_sette_segmenti/diplay_sette_segmenti_b.vhd" line 39: Default value is ignored for signal <y>.
WARNING:Xst:2094 - "/home/sav/ASE/display_sette_segmenti/diplay_sette_segmenti_b.vhd" line 40: Default value is ignored for signal <z>.
WARNING:Xst:2094 - "/home/sav/ASE/display_sette_segmenti/diplay_sette_segmenti_b.vhd" line 41: Default value is ignored for signal <v>.

Analyzing hierarchy for entity <display_sette_segmenti_g> in library <work> (architecture <dataflow>).
WARNING:Xst:2094 - "/home/sav/ASE/display_sette_segmenti/display_sette_segmenti_g.vhd" line 38: Default value is ignored for signal <x>.
WARNING:Xst:2094 - "/home/sav/ASE/display_sette_segmenti/display_sette_segmenti_g.vhd" line 39: Default value is ignored for signal <y>.
WARNING:Xst:2094 - "/home/sav/ASE/display_sette_segmenti/display_sette_segmenti_g.vhd" line 40: Default value is ignored for signal <z>.
WARNING:Xst:2094 - "/home/sav/ASE/display_sette_segmenti/display_sette_segmenti_g.vhd" line 41: Default value is ignored for signal <v>.

Analyzing hierarchy for entity <display_sette_segmenti_e> in library <work> (architecture <dataflow>).
WARNING:Xst:2094 - "/home/sav/ASE/display_sette_segmenti/diplay_sette_segmenti_e.vhd" line 38: Default value is ignored for signal <x>.
WARNING:Xst:2094 - "/home/sav/ASE/display_sette_segmenti/diplay_sette_segmenti_e.vhd" line 39: Default value is ignored for signal <y>.
WARNING:Xst:2094 - "/home/sav/ASE/display_sette_segmenti/diplay_sette_segmenti_e.vhd" line 40: Default value is ignored for signal <z>.
WARNING:Xst:2094 - "/home/sav/ASE/display_sette_segmenti/diplay_sette_segmenti_e.vhd" line 41: Default value is ignored for signal <v>.


=========================================================================
*                            HDL Analysis                               *
=========================================================================
Analyzing Entity <diplay_sette_segmenti_b> in library <work> (Architecture <structural>).
WARNING:Xst:2094 - "/home/sav/ASE/display_sette_segmenti/diplay_sette_segmenti_b.vhd" line 38: Default value is ignored for signal <x>.
WARNING:Xst:2094 - "/home/sav/ASE/display_sette_segmenti/diplay_sette_segmenti_b.vhd" line 39: Default value is ignored for signal <y>.
WARNING:Xst:2094 - "/home/sav/ASE/display_sette_segmenti/diplay_sette_segmenti_b.vhd" line 40: Default value is ignored for signal <z>.
WARNING:Xst:2094 - "/home/sav/ASE/display_sette_segmenti/diplay_sette_segmenti_b.vhd" line 41: Default value is ignored for signal <v>.
Entity <diplay_sette_segmenti_b> analyzed. Unit <diplay_sette_segmenti_b> generated.

Analyzing Entity <display_sette_segmenti_g> in library <work> (Architecture <dataflow>).
WARNING:Xst:2094 - "/home/sav/ASE/display_sette_segmenti/display_sette_segmenti_g.vhd" line 38: Default value is ignored for signal <x>.
WARNING:Xst:2094 - "/home/sav/ASE/display_sette_segmenti/display_sette_segmenti_g.vhd" line 39: Default value is ignored for signal <y>.
WARNING:Xst:2094 - "/home/sav/ASE/display_sette_segmenti/display_sette_segmenti_g.vhd" line 40: Default value is ignored for signal <z>.
WARNING:Xst:2094 - "/home/sav/ASE/display_sette_segmenti/display_sette_segmenti_g.vhd" line 41: Default value is ignored for signal <v>.
Entity <display_sette_segmenti_g> analyzed. Unit <display_sette_segmenti_g> generated.

Analyzing Entity <display_sette_segmenti_e> in library <work> (Architecture <dataflow>).
WARNING:Xst:2094 - "/home/sav/ASE/display_sette_segmenti/diplay_sette_segmenti_e.vhd" line 38: Default value is ignored for signal <x>.
WARNING:Xst:2094 - "/home/sav/ASE/display_sette_segmenti/diplay_sette_segmenti_e.vhd" line 39: Default value is ignored for signal <y>.
WARNING:Xst:2094 - "/home/sav/ASE/display_sette_segmenti/diplay_sette_segmenti_e.vhd" line 40: Default value is ignored for signal <z>.
WARNING:Xst:2094 - "/home/sav/ASE/display_sette_segmenti/diplay_sette_segmenti_e.vhd" line 41: Default value is ignored for signal <v>.
Entity <display_sette_segmenti_e> analyzed. Unit <display_sette_segmenti_e> generated.


=========================================================================
*                           HDL Synthesis                               *
=========================================================================

Performing bidirectional port resolution...

Synthesizing Unit <display_sette_segmenti_g>.
    Related source file is "/home/sav/ASE/display_sette_segmenti/display_sette_segmenti_g.vhd".
WARNING:Xst:647 - Input <number> is never used. This port will be preserved and left unconnected if it belongs to a top-level block or it belongs to a sub-block and the hierarchy of this sub-block is preserved.
WARNING:Xst:653 - Signal <z> is used but never assigned. This sourceless signal will be automatically connected to value 0.
WARNING:Xst:653 - Signal <y> is used but never assigned. This sourceless signal will be automatically connected to value 0.
WARNING:Xst:653 - Signal <x> is used but never assigned. This sourceless signal will be automatically connected to value 0.
WARNING:Xst:653 - Signal <v> is used but never assigned. This sourceless signal will be automatically connected to value 0.
Unit <display_sette_segmenti_g> synthesized.


Synthesizing Unit <display_sette_segmenti_e>.
    Related source file is "/home/sav/ASE/display_sette_segmenti/diplay_sette_segmenti_e.vhd".
WARNING:Xst:647 - Input <number> is never used. This port will be preserved and left unconnected if it belongs to a top-level block or it belongs to a sub-block and the hierarchy of this sub-block is preserved.
WARNING:Xst:653 - Signal <z> is used but never assigned. This sourceless signal will be automatically connected to value 0.
WARNING:Xst:653 - Signal <y> is used but never assigned. This sourceless signal will be automatically connected to value 0.
WARNING:Xst:653 - Signal <x> is used but never assigned. This sourceless signal will be automatically connected to value 0.
WARNING:Xst:653 - Signal <v> is used but never assigned. This sourceless signal will be automatically connected to value 0.
Unit <display_sette_segmenti_e> synthesized.


Synthesizing Unit <diplay_sette_segmenti_b>.
    Related source file is "/home/sav/ASE/display_sette_segmenti/diplay_sette_segmenti_b.vhd".
WARNING:Xst:653 - Signal <z> is used but never assigned. This sourceless signal will be automatically connected to value 0.
WARNING:Xst:653 - Signal <y> is used but never assigned. This sourceless signal will be automatically connected to value 0.
WARNING:Xst:653 - Signal <x> is used but never assigned. This sourceless signal will be automatically connected to value 0.
WARNING:Xst:653 - Signal <v> is used but never assigned. This sourceless signal will be automatically connected to value 0.
Unit <diplay_sette_segmenti_b> synthesized.


=========================================================================
HDL Synthesis Report

Found no macro
=========================================================================

=========================================================================
*                       Advanced HDL Synthesis                          *
=========================================================================

WARNING:Xst:1899 - Due to constant pushing, all outputs of the instance <e> of the block <display_sette_segmenti_e> are unconnected in block <diplay_sette_segmenti_b>.
   This instance will be removed from the design along with all underlying logic
WARNING:Xst:1899 - Due to constant pushing, all outputs of the instance <g> of the block <display_sette_segmenti_g> are unconnected in block <diplay_sette_segmenti_b>.
   This instance will be removed from the design along with all underlying logic

=========================================================================
Advanced HDL Synthesis Report

Found no macro
=========================================================================

=========================================================================
*                         Low Level Synthesis                           *
=========================================================================

Optimizing unit <diplay_sette_segmenti_b> ...

Mapping all equations...
Building and optimizing final netlist ...
Found area constraint ratio of 100 (+ 5) on block diplay_sette_segmenti_b, actual ratio is 0.

Final Macro Processing ...

=========================================================================
Final Register Report

Found no macro
=========================================================================

=========================================================================
*                           Partition Report                            *
=========================================================================

Partition Implementation Status
-------------------------------

  No Partitions were found in this design.

-------------------------------

=========================================================================
*                            Final Report                               *
=========================================================================
Final Results
RTL Top Level Output File Name     : diplay_sette_segmenti_b.ngr
Top Level Output File Name         : diplay_sette_segmenti_b
Output Format                      : NGC
Optimization Goal                  : Speed
Keep Hierarchy                     : No

Design Statistics
# IOs                              : 5

Cell Usage :
# BELS                             : 1
#      VCC                         : 1
# IO Buffers                       : 1
#      OBUF                        : 1
=========================================================================

Device utilization summary:
---------------------------

Selected Device : 3s100etq144-5 

 Number of Slices:                        0  out of    960     0%  
 Number of IOs:                           5
 Number of bonded IOBs:                   1  out of    108     0%  

---------------------------
Partition Resource Summary:
---------------------------

  No Partitions were found in this design.

---------------------------


=========================================================================
TIMING REPORT

NOTE: THESE TIMING NUMBERS ARE ONLY A SYNTHESIS ESTIMATE.
      FOR ACCURATE TIMING INFORMATION PLEASE REFER TO THE TRACE REPORT
      GENERATED AFTER PLACE-and-ROUTE.

Clock Information:
------------------
No clock signals found in this design

Asynchronous Control Signals Information:
----------------------------------------
No asynchronous control signals found in this design

Timing Summary:
---------------
Speed Grade: -5

   Minimum period: No path found
   Minimum input arrival time before clock: No path found
   Maximum output required time after clock: No path found
   Maximum combinational path delay: No path found

Timing Detail:
--------------
All values displayed in nanoseconds (ns)

=========================================================================


Total REAL time to Xst completion: 3.00 secs
Total CPU time to Xst completion: 2.85 secs
 
--> 


Total memory usage is 509048 kilobytes

Number of errors   :    0 (   0 filtered)
Number of warnings :   40 (   0 filtered)
Number of infos    :    0 (   0 filtered)

