ISim log file
Running: C:\Users\Public\ISE\add_sub\add_sub_on_board_testbench_isim_beh.exe -intstyle ise -gui -tclbatch isim.cmd -wdb C:/Users/Public/ISE/add_sub/add_sub_on_board_testbench_isim_beh.wdb 
ISim P.49d (signature 0x8ef4fb42)
WARNING: A WEBPACK license was found.
WARNING: Please use Xilinx License Configuration Manager to check out a full ISim license.
WARNING: ISim will run in Lite mode. Please refer to the ISim documentation for more information on the differences between the Lite and the Full version.
This is a Lite version of ISim.
Time resolution is 1 ps
# onerror resume
# wave add /
# run 1000 ns
Simulator is doing circuit initialization process.
at 0 ps, Instance /add_sub_on_board_testbench/uut/inst_display/inst_cathode_manager/\inst_mux_all(0)\/inst_mux4_1/ : Warning: There is an 'U'|'X'|'W'|'Z'|'-' in an arithmetic operand, the result will be 'X'(es).
at 0 ps, Instance /add_sub_on_board_testbench/uut/inst_display/inst_cathode_manager/\inst_mux_all(0)\/inst_mux4_1/ : Warning: CONV_INTEGER: There is an 'U'|'X'|'W'|'Z'|'-' in an arithmetic operand, and it has been converted to 0.
at 0 ps, Instance /add_sub_on_board_testbench/uut/inst_display/inst_cathode_manager/\inst_mux_all(1)\/inst_mux4_1/ : Warning: CONV_INTEGER: There is an 'U'|'X'|'W'|'Z'|'-' in an arithmetic operand, and it has been converted to 0.
at 0 ps, Instance /add_sub_on_board_testbench/uut/inst_display/inst_cathode_manager/\inst_mux_all(2)\/inst_mux4_1/ : Warning: CONV_INTEGER: There is an 'U'|'X'|'W'|'Z'|'-' in an arithmetic operand, and it has been converted to 0.
at 0 ps, Instance /add_sub_on_board_testbench/uut/inst_display/inst_cathode_manager/\inst_mux_all(3)\/inst_mux4_1/ : Warning: CONV_INTEGER: There is an 'U'|'X'|'W'|'Z'|'-' in an arithmetic operand, and it has been converted to 0.
at 0 ps, Instance /add_sub_on_board_testbench/uut/inst_display/inst_cathode_manager/inst_dots_manager/ : Warning: CONV_INTEGER: There is an 'U'|'X'|'W'|'Z'|'-' in an arithmetic operand, and it has been converted to 0.
at 0 ps, Instance /add_sub_on_board_testbench/uut/inst_display/inst_anode_manager/inst_mux4_1/ : Warning: CONV_INTEGER: There is an 'U'|'X'|'W'|'Z'|'-' in an arithmetic operand, and it has been converted to 0.
at 0 ps, Instance /add_sub_on_board_testbench/uut/inst_display/inst_anode_manager/inst_demux4_1/ : Warning: CONV_INTEGER: There is an 'U'|'X'|'W'|'Z'|'-' in an arithmetic operand, and it has been converted to 0.
at 0 ps, Instance /add_sub_on_board_testbench/uut/inst_display/inst_anode_manager/inst_demux4_1/ : Warning: CONV_INTEGER: There is an 'U'|'X'|'W'|'Z'|'-' in an arithmetic operand, and it has been converted to 0.
at 0 ps, Instance /add_sub_on_board_testbench/uut/inst_display/inst_anode_manager/inst_demux4_1/ : Warning: CONV_INTEGER: There is an 'U'|'X'|'W'|'Z'|'-' in an arithmetic operand, and it has been converted to 0.
at 0 ps, Instance /add_sub_on_board_testbench/uut/inst_display/inst_anode_manager/inst_demux4_1/ : Warning: CONV_INTEGER: There is an 'U'|'X'|'W'|'Z'|'-' in an arithmetic operand, and it has been converted to 0.
Finished circuit initialization process.
# run 10.00us
