--------------------------------------------------------------------------------
Release 14.4 Trace  (nt)
Copyright (c) 1995-2012 Xilinx, Inc.  All rights reserved.

C:\Xilinx\14.4\ISE_DS\ISE\bin\nt\unwrapped\trce.exe -intstyle ise -v 3 -s 5 -n
3 -fastpaths -xml mac_multiplier.twx mac_multiplier.ncd -o mac_multiplier.twr
mac_multiplier.pcf

Design file:              mac_multiplier.ncd
Physical constraint file: mac_multiplier.pcf
Device,package,speed:     xc3s100e,tq144,-5 (PRODUCTION 1.27 2012-12-04)
Report level:             verbose report

Environment Variable      Effect 
--------------------      ------ 
NONE                      No environment variables were set
--------------------------------------------------------------------------------

INFO:Timing:2698 - No timing constraints found, doing default enumeration.
INFO:Timing:3412 - To improve timing, see the Timing Closure User Guide (UG612).
INFO:Timing:2752 - To get complete path coverage, use the unconstrained paths 
   option. All paths that are not constrained will be reported in the 
   unconstrained paths section(s) of the report.
INFO:Timing:3339 - The clock-to-out numbers in this timing report are based on 
   a 50 Ohm transmission line loading model.  For the details of this model, 
   and for more information on accounting for different loading conditions, 
   please see the device datasheet.
INFO:Timing:3390 - This architecture does not support a default System Jitter 
   value, please add SYSTEM_JITTER constraint to the UCF to modify the Clock 
   Uncertainty calculation.
INFO:Timing:3389 - This architecture does not support 'Discrete Jitter' and 
   'Phase Error' calculations, these terms will be zero in the Clock 
   Uncertainty calculation.  Please make appropriate modification to 
   SYSTEM_JITTER to account for the unsupported Discrete Jitter and Phase 
   Error.



Data Sheet report:
-----------------
All values displayed in nanoseconds (ns)

Pad to Pad
---------------+---------------+---------+
Source Pad     |Destination Pad|  Delay  |
---------------+---------------+---------+
a<0>           |ris<0>         |    8.166|
a<0>           |ris<1>         |   10.221|
a<0>           |ris<2>         |   12.305|
a<0>           |ris<3>         |   14.130|
a<0>           |ris<4>         |   15.158|
a<0>           |ris<5>         |   17.886|
a<0>           |ris<6>         |   20.816|
a<0>           |ris<7>         |   21.845|
a<0>           |ris<8>         |   24.224|
a<0>           |ris<9>         |   25.037|
a<0>           |ris<10>        |   26.058|
a<0>           |ris<11>        |   27.232|
a<0>           |ris<12>        |   28.005|
a<0>           |ris<13>        |   29.001|
a<0>           |ris<14>        |   29.680|
a<0>           |ris<15>        |   29.713|
a<1>           |ris<1>         |    9.168|
a<1>           |ris<2>         |   11.252|
a<1>           |ris<3>         |   13.214|
a<1>           |ris<4>         |   14.242|
a<1>           |ris<5>         |   16.970|
a<1>           |ris<6>         |   19.900|
a<1>           |ris<7>         |   20.929|
a<1>           |ris<8>         |   23.308|
a<1>           |ris<9>         |   24.121|
a<1>           |ris<10>        |   25.142|
a<1>           |ris<11>        |   26.316|
a<1>           |ris<12>        |   27.089|
a<1>           |ris<13>        |   28.085|
a<1>           |ris<14>        |   28.764|
a<1>           |ris<15>        |   28.797|
a<2>           |ris<2>         |    9.307|
a<2>           |ris<3>         |   11.620|
a<2>           |ris<4>         |   12.648|
a<2>           |ris<5>         |   15.376|
a<2>           |ris<6>         |   18.306|
a<2>           |ris<7>         |   19.335|
a<2>           |ris<8>         |   21.714|
a<2>           |ris<9>         |   22.527|
a<2>           |ris<10>        |   23.548|
a<2>           |ris<11>        |   24.722|
a<2>           |ris<12>        |   25.495|
a<2>           |ris<13>        |   26.491|
a<2>           |ris<14>        |   27.170|
a<2>           |ris<15>        |   27.203|
a<3>           |ris<3>         |   11.171|
a<3>           |ris<4>         |   12.199|
a<3>           |ris<5>         |   14.922|
a<3>           |ris<6>         |   17.852|
a<3>           |ris<7>         |   18.881|
a<3>           |ris<8>         |   21.260|
a<3>           |ris<9>         |   22.073|
a<3>           |ris<10>        |   23.094|
a<3>           |ris<11>        |   24.268|
a<3>           |ris<12>        |   25.041|
a<3>           |ris<13>        |   26.037|
a<3>           |ris<14>        |   26.716|
a<3>           |ris<15>        |   26.749|
a<4>           |ris<4>         |   11.284|
a<4>           |ris<5>         |   14.421|
a<4>           |ris<6>         |   17.351|
a<4>           |ris<7>         |   18.380|
a<4>           |ris<8>         |   20.759|
a<4>           |ris<9>         |   21.572|
a<4>           |ris<10>        |   22.593|
a<4>           |ris<11>        |   23.767|
a<4>           |ris<12>        |   24.540|
a<4>           |ris<13>        |   25.536|
a<4>           |ris<14>        |   26.215|
a<4>           |ris<15>        |   26.248|
a<5>           |ris<5>         |   12.096|
a<5>           |ris<6>         |   15.720|
a<5>           |ris<7>         |   16.829|
a<5>           |ris<8>         |   19.342|
a<5>           |ris<9>         |   20.046|
a<5>           |ris<10>        |   21.067|
a<5>           |ris<11>        |   22.241|
a<5>           |ris<12>        |   23.014|
a<5>           |ris<13>        |   24.010|
a<5>           |ris<14>        |   24.689|
a<5>           |ris<15>        |   24.722|
a<6>           |ris<6>         |   13.746|
a<6>           |ris<7>         |   14.855|
a<6>           |ris<8>         |   17.368|
a<6>           |ris<9>         |   18.185|
a<6>           |ris<10>        |   19.206|
a<6>           |ris<11>        |   20.380|
a<6>           |ris<12>        |   21.153|
a<6>           |ris<13>        |   22.149|
a<6>           |ris<14>        |   22.828|
a<6>           |ris<15>        |   22.861|
a<7>           |ris<7>         |   14.169|
a<7>           |ris<8>         |   16.693|
a<7>           |ris<9>         |   17.537|
a<7>           |ris<10>        |   18.558|
a<7>           |ris<11>        |   19.732|
a<7>           |ris<12>        |   20.505|
a<7>           |ris<13>        |   21.501|
a<7>           |ris<14>        |   22.180|
a<7>           |ris<15>        |   22.213|
b<0>           |ris<0>         |    7.642|
b<0>           |ris<1>         |    9.107|
b<0>           |ris<2>         |   11.191|
b<0>           |ris<3>         |   13.016|
b<0>           |ris<4>         |   14.044|
b<0>           |ris<5>         |   16.772|
b<0>           |ris<6>         |   19.702|
b<0>           |ris<7>         |   20.731|
b<0>           |ris<8>         |   23.110|
b<0>           |ris<9>         |   23.923|
b<0>           |ris<10>        |   24.944|
b<0>           |ris<11>        |   26.118|
b<0>           |ris<12>        |   26.891|
b<0>           |ris<13>        |   27.887|
b<0>           |ris<14>        |   28.566|
b<0>           |ris<15>        |   28.599|
b<1>           |ris<1>         |    7.285|
b<1>           |ris<2>         |    9.998|
b<1>           |ris<3>         |   11.712|
b<1>           |ris<4>         |   12.740|
b<1>           |ris<5>         |   15.022|
b<1>           |ris<6>         |   17.952|
b<1>           |ris<7>         |   18.981|
b<1>           |ris<8>         |   21.250|
b<1>           |ris<9>         |   22.055|
b<1>           |ris<10>        |   23.076|
b<1>           |ris<11>        |   24.250|
b<1>           |ris<12>        |   25.023|
b<1>           |ris<13>        |   26.019|
b<1>           |ris<14>        |   26.698|
b<1>           |ris<15>        |   26.731|
b<2>           |ris<2>         |    7.822|
b<2>           |ris<3>         |    9.157|
b<2>           |ris<4>         |   10.348|
b<2>           |ris<5>         |   12.774|
b<2>           |ris<6>         |   15.704|
b<2>           |ris<7>         |   16.733|
b<2>           |ris<8>         |   19.002|
b<2>           |ris<9>         |   19.651|
b<2>           |ris<10>        |   20.485|
b<2>           |ris<11>        |   21.659|
b<2>           |ris<12>        |   22.432|
b<2>           |ris<13>        |   23.428|
b<2>           |ris<14>        |   24.107|
b<2>           |ris<15>        |   24.140|
b<3>           |ris<3>         |    7.002|
b<3>           |ris<4>         |    7.864|
b<3>           |ris<5>         |   10.146|
b<3>           |ris<6>         |   13.076|
b<3>           |ris<7>         |   14.105|
b<3>           |ris<8>         |   16.374|
b<3>           |ris<9>         |   17.023|
b<3>           |ris<10>        |   17.704|
b<3>           |ris<11>        |   18.878|
b<3>           |ris<12>        |   19.651|
b<3>           |ris<13>        |   20.647|
b<3>           |ris<14>        |   21.326|
b<3>           |ris<15>        |   21.359|
b<4>           |ris<4>         |    6.633|
b<4>           |ris<5>         |    8.420|
b<4>           |ris<6>         |   11.350|
b<4>           |ris<7>         |   12.379|
b<4>           |ris<8>         |   14.648|
b<4>           |ris<9>         |   15.297|
b<4>           |ris<10>        |   15.901|
b<4>           |ris<11>        |   17.075|
b<4>           |ris<12>        |   17.848|
b<4>           |ris<13>        |   18.844|
b<4>           |ris<14>        |   19.523|
b<4>           |ris<15>        |   19.556|
b<5>           |ris<5>         |    6.935|
b<5>           |ris<6>         |   10.295|
b<5>           |ris<7>         |   11.324|
b<5>           |ris<8>         |   13.593|
b<5>           |ris<9>         |   14.242|
b<5>           |ris<10>        |   14.562|
b<5>           |ris<11>        |   15.794|
b<5>           |ris<12>        |   16.485|
b<5>           |ris<13>        |   17.563|
b<5>           |ris<14>        |   18.242|
b<5>           |ris<15>        |   18.275|
b<6>           |ris<6>         |    7.418|
b<6>           |ris<7>         |    8.622|
b<6>           |ris<8>         |   10.429|
b<6>           |ris<9>         |   11.078|
b<6>           |ris<10>        |   11.398|
b<6>           |ris<11>        |   12.539|
b<6>           |ris<12>        |   12.829|
b<6>           |ris<13>        |   14.308|
b<6>           |ris<14>        |   14.987|
b<6>           |ris<15>        |   15.020|
b<7>           |ris<7>         |    7.182|
b<7>           |ris<8>         |    8.740|
b<7>           |ris<9>         |    9.675|
b<7>           |ris<10>        |   10.097|
b<7>           |ris<11>        |   11.167|
b<7>           |ris<12>        |   11.258|
b<7>           |ris<13>        |   12.737|
b<7>           |ris<14>        |   13.416|
b<7>           |ris<15>        |   13.449|
c_in<0>        |ris<0>         |    7.108|
c_in<0>        |ris<1>         |    8.856|
c_in<0>        |ris<2>         |   10.940|
c_in<0>        |ris<3>         |   12.765|
c_in<0>        |ris<4>         |   13.793|
c_in<0>        |ris<5>         |   16.521|
c_in<0>        |ris<6>         |   19.451|
c_in<0>        |ris<7>         |   20.480|
c_in<0>        |ris<8>         |   22.859|
c_in<0>        |ris<9>         |   23.672|
c_in<0>        |ris<10>        |   24.693|
c_in<0>        |ris<11>        |   25.867|
c_in<0>        |ris<12>        |   26.640|
c_in<0>        |ris<13>        |   27.636|
c_in<0>        |ris<14>        |   28.315|
c_in<0>        |ris<15>        |   28.348|
c_in<1>        |ris<1>         |    6.913|
c_in<1>        |ris<2>         |    9.819|
c_in<1>        |ris<3>         |   11.533|
c_in<1>        |ris<4>         |   12.561|
c_in<1>        |ris<5>         |   14.843|
c_in<1>        |ris<6>         |   17.773|
c_in<1>        |ris<7>         |   18.802|
c_in<1>        |ris<8>         |   21.071|
c_in<1>        |ris<9>         |   21.876|
c_in<1>        |ris<10>        |   22.897|
c_in<1>        |ris<11>        |   24.071|
c_in<1>        |ris<12>        |   24.844|
c_in<1>        |ris<13>        |   25.840|
c_in<1>        |ris<14>        |   26.519|
c_in<1>        |ris<15>        |   26.552|
c_in<2>        |ris<2>         |    6.757|
c_in<2>        |ris<3>         |    8.638|
c_in<2>        |ris<4>         |    9.829|
c_in<2>        |ris<5>         |   12.255|
c_in<2>        |ris<6>         |   15.185|
c_in<2>        |ris<7>         |   16.214|
c_in<2>        |ris<8>         |   18.483|
c_in<2>        |ris<9>         |   19.132|
c_in<2>        |ris<10>        |   19.966|
c_in<2>        |ris<11>        |   21.140|
c_in<2>        |ris<12>        |   21.913|
c_in<2>        |ris<13>        |   22.909|
c_in<2>        |ris<14>        |   23.588|
c_in<2>        |ris<15>        |   23.621|
c_in<3>        |ris<3>         |    6.581|
c_in<3>        |ris<4>         |    8.199|
c_in<3>        |ris<5>         |   10.481|
c_in<3>        |ris<6>         |   13.411|
c_in<3>        |ris<7>         |   14.440|
c_in<3>        |ris<8>         |   16.709|
c_in<3>        |ris<9>         |   17.358|
c_in<3>        |ris<10>        |   18.039|
c_in<3>        |ris<11>        |   19.213|
c_in<3>        |ris<12>        |   19.986|
c_in<3>        |ris<13>        |   20.982|
c_in<3>        |ris<14>        |   21.661|
c_in<3>        |ris<15>        |   21.694|
c_in<4>        |ris<4>         |    5.722|
c_in<4>        |ris<5>         |    8.440|
c_in<4>        |ris<6>         |   11.370|
c_in<4>        |ris<7>         |   12.399|
c_in<4>        |ris<8>         |   14.668|
c_in<4>        |ris<9>         |   15.317|
c_in<4>        |ris<10>        |   15.921|
c_in<4>        |ris<11>        |   17.095|
c_in<4>        |ris<12>        |   17.868|
c_in<4>        |ris<13>        |   18.864|
c_in<4>        |ris<14>        |   19.543|
c_in<4>        |ris<15>        |   19.576|
c_in<5>        |ris<5>         |    6.102|
c_in<5>        |ris<6>         |    9.701|
c_in<5>        |ris<7>         |   10.730|
c_in<5>        |ris<8>         |   12.999|
c_in<5>        |ris<9>         |   13.648|
c_in<5>        |ris<10>        |   13.968|
c_in<5>        |ris<11>        |   15.200|
c_in<5>        |ris<12>        |   15.891|
c_in<5>        |ris<13>        |   16.969|
c_in<5>        |ris<14>        |   17.648|
c_in<5>        |ris<15>        |   17.681|
c_in<6>        |ris<6>         |    6.541|
c_in<6>        |ris<7>         |    8.242|
c_in<6>        |ris<8>         |   10.049|
c_in<6>        |ris<9>         |   10.698|
c_in<6>        |ris<10>        |   11.018|
c_in<6>        |ris<11>        |   12.159|
c_in<6>        |ris<12>        |   12.449|
c_in<6>        |ris<13>        |   13.928|
c_in<6>        |ris<14>        |   14.607|
c_in<6>        |ris<15>        |   14.640|
c_in<7>        |ris<7>         |    6.041|
c_in<7>        |ris<8>         |    7.646|
c_in<7>        |ris<9>         |    8.581|
c_in<7>        |ris<10>        |    9.003|
c_in<7>        |ris<11>        |   10.073|
c_in<7>        |ris<12>        |   10.164|
c_in<7>        |ris<13>        |   11.643|
c_in<7>        |ris<14>        |   12.322|
c_in<7>        |ris<15>        |   12.355|
s_in<0>        |ris<0>         |    8.031|
s_in<0>        |ris<1>         |    9.377|
s_in<0>        |ris<2>         |   11.461|
s_in<0>        |ris<3>         |   13.286|
s_in<0>        |ris<4>         |   14.314|
s_in<0>        |ris<5>         |   17.042|
s_in<0>        |ris<6>         |   19.972|
s_in<0>        |ris<7>         |   21.001|
s_in<0>        |ris<8>         |   23.380|
s_in<0>        |ris<9>         |   24.193|
s_in<0>        |ris<10>        |   25.214|
s_in<0>        |ris<11>        |   26.388|
s_in<0>        |ris<12>        |   27.161|
s_in<0>        |ris<13>        |   28.157|
s_in<0>        |ris<14>        |   28.836|
s_in<0>        |ris<15>        |   28.869|
s_in<1>        |ris<1>         |    8.360|
s_in<1>        |ris<2>         |   10.444|
s_in<1>        |ris<3>         |   12.414|
s_in<1>        |ris<4>         |   13.442|
s_in<1>        |ris<5>         |   16.170|
s_in<1>        |ris<6>         |   19.100|
s_in<1>        |ris<7>         |   20.129|
s_in<1>        |ris<8>         |   22.508|
s_in<1>        |ris<9>         |   23.321|
s_in<1>        |ris<10>        |   24.342|
s_in<1>        |ris<11>        |   25.516|
s_in<1>        |ris<12>        |   26.289|
s_in<1>        |ris<13>        |   27.285|
s_in<1>        |ris<14>        |   27.964|
s_in<1>        |ris<15>        |   27.997|
s_in<2>        |ris<2>         |    9.462|
s_in<2>        |ris<3>         |   11.219|
s_in<2>        |ris<4>         |   12.247|
s_in<2>        |ris<5>         |   14.975|
s_in<2>        |ris<6>         |   17.905|
s_in<2>        |ris<7>         |   18.934|
s_in<2>        |ris<8>         |   21.313|
s_in<2>        |ris<9>         |   22.126|
s_in<2>        |ris<10>        |   23.147|
s_in<2>        |ris<11>        |   24.321|
s_in<2>        |ris<12>        |   25.094|
s_in<2>        |ris<13>        |   26.090|
s_in<2>        |ris<14>        |   26.769|
s_in<2>        |ris<15>        |   26.802|
s_in<3>        |ris<3>         |   10.994|
s_in<3>        |ris<4>         |   12.022|
s_in<3>        |ris<5>         |   14.730|
s_in<3>        |ris<6>         |   17.660|
s_in<3>        |ris<7>         |   18.689|
s_in<3>        |ris<8>         |   21.068|
s_in<3>        |ris<9>         |   21.881|
s_in<3>        |ris<10>        |   22.902|
s_in<3>        |ris<11>        |   24.076|
s_in<3>        |ris<12>        |   24.849|
s_in<3>        |ris<13>        |   25.845|
s_in<3>        |ris<14>        |   26.524|
s_in<3>        |ris<15>        |   26.557|
s_in<4>        |ris<4>         |   10.429|
s_in<4>        |ris<5>         |   13.016|
s_in<4>        |ris<6>         |   15.946|
s_in<4>        |ris<7>         |   16.975|
s_in<4>        |ris<8>         |   19.323|
s_in<4>        |ris<9>         |   20.167|
s_in<4>        |ris<10>        |   21.188|
s_in<4>        |ris<11>        |   22.362|
s_in<4>        |ris<12>        |   23.135|
s_in<4>        |ris<13>        |   24.131|
s_in<4>        |ris<14>        |   24.810|
s_in<4>        |ris<15>        |   24.843|
s_in<5>        |ris<5>         |   11.305|
s_in<5>        |ris<6>         |   14.235|
s_in<5>        |ris<7>         |   15.264|
s_in<5>        |ris<8>         |   17.664|
s_in<5>        |ris<9>         |   18.456|
s_in<5>        |ris<10>        |   19.477|
s_in<5>        |ris<11>        |   20.651|
s_in<5>        |ris<12>        |   21.424|
s_in<5>        |ris<13>        |   22.420|
s_in<5>        |ris<14>        |   23.099|
s_in<5>        |ris<15>        |   23.132|
s_in<6>        |ris<6>         |   13.078|
s_in<6>        |ris<7>         |   14.187|
s_in<6>        |ris<8>         |   16.700|
s_in<6>        |ris<9>         |   17.404|
s_in<6>        |ris<10>        |   18.425|
s_in<6>        |ris<11>        |   19.599|
s_in<6>        |ris<12>        |   20.372|
s_in<6>        |ris<13>        |   21.368|
s_in<6>        |ris<14>        |   22.047|
s_in<6>        |ris<15>        |   22.080|
s_in<7>        |ris<7>         |   12.838|
s_in<7>        |ris<8>         |   15.362|
s_in<7>        |ris<9>         |   16.206|
s_in<7>        |ris<10>        |   17.227|
s_in<7>        |ris<11>        |   18.401|
s_in<7>        |ris<12>        |   19.174|
s_in<7>        |ris<13>        |   20.170|
s_in<7>        |ris<14>        |   20.849|
s_in<7>        |ris<15>        |   20.882|
---------------+---------------+---------+


Analysis completed Thu Dec 28 00:31:50 2017 
--------------------------------------------------------------------------------

Trace Settings:
-------------------------
Trace Settings 

Peak Memory Usage: 108 MB



