--------------------------------------------------------------------------------
Release 14.7 Trace  (lin64)
Copyright (c) 1995-2013 Xilinx, Inc.  All rights reserved.

/opt/Xilinx/14.7/ISE_DS/ISE/bin/lin64/unwrapped/trce -intstyle ise -v 3 -s 5 -n
3 -fastpaths -xml gpio.twx gpio.ncd -o gpio.twr gpio.pcf -ucf
BasysRevEGeneral.ucf

Design file:              gpio.ncd
Physical constraint file: gpio.pcf
Device,package,speed:     xc3s100e,tq144,-5 (PRODUCTION 1.27 2013-10-13)
Report level:             verbose report

Environment Variable      Effect 
--------------------      ------ 
NONE                      No environment variables were set
--------------------------------------------------------------------------------

INFO:Timing:2698 - No timing constraints found, doing default enumeration.
INFO:Timing:3412 - To improve timing, see the Timing Closure User Guide (UG612).
INFO:Timing:2752 - To get complete path coverage, use the unconstrained paths 
   option. All paths that are not constrained will be reported in the 
   unconstrained paths section(s) of the report.
INFO:Timing:3339 - The clock-to-out numbers in this timing report are based on 
   a 50 Ohm transmission line loading model.  For the details of this model, 
   and for more information on accounting for different loading conditions, 
   please see the device datasheet.
INFO:Timing:3390 - This architecture does not support a default System Jitter 
   value, please add SYSTEM_JITTER constraint to the UCF to modify the Clock 
   Uncertainty calculation.
INFO:Timing:3389 - This architecture does not support 'Discrete Jitter' and 
   'Phase Error' calculations, these terms will be zero in the Clock 
   Uncertainty calculation.  Please make appropriate modification to 
   SYSTEM_JITTER to account for the unsupported Discrete Jitter and Phase 
   Error.



Data Sheet report:
-----------------
All values displayed in nanoseconds (ns)

Pad to Pad
---------------+---------------+---------+
Source Pad     |Destination Pad|  Delay  |
---------------+---------------+---------+
enable<0>      |pads<0>        |    5.931|
enable<1>      |pads<1>        |    6.177|
enable<2>      |pads<2>        |    6.104|
enable<3>      |pads<3>        |    5.906|
inputs<0>      |pads<0>        |    5.943|
inputs<1>      |pads<1>        |    6.132|
inputs<2>      |pads<2>        |    5.482|
inputs<3>      |pads<3>        |    6.023|
pads<0>        |outputs<0>     |    6.407|
pads<1>        |outputs<1>     |    6.320|
pads<2>        |outputs<2>     |    6.622|
pads<3>        |outputs<3>     |    6.009|
---------------+---------------+---------+


Analysis completed Tue Jan 23 20:25:19 2018 
--------------------------------------------------------------------------------

Trace Settings:
-------------------------
Trace Settings 

Peak Memory Usage: 331 MB



