Release 14.7 Map P.20131013 (lin64)
Xilinx Mapping Report File for Design 'generazione_valori_RSA'

Design Information
------------------
Command Line   : map -intstyle ise -p xc3s100e-tq144-5 -cm area -ir off -pr off
-c 100 -o generazione_valori_RSA_map.ncd generazione_valori_RSA.ngd
generazione_valori_RSA.pcf 
Target Device  : xc3s100e
Target Package : tq144
Target Speed   : -5
Mapper Version : spartan3e -- $Revision: 1.55 $
Mapped Date    : Fri Jan 26 08:39:47 2018
ERROR:Pack:18 - The design is too large for the given device and package. 
   Please check the Design Summary section to see which resource requirement for
   your design exceeds the resources available in the device.

   NOTE: An NCD file will still be generated to allow you to examine the mapped
   design.  This file is intended for evaluation use only, and will not process
   successfully through PAR.

   This mapped NCD file can be used to evaluate how the design's logic has been
   mapped into FPGA logic resources.  It can also be used to analyze
   preliminary, logic-level (pre-route) timing with one of the Xilinx static
   timing analysis tools (TRCE or Timing Analyzer).

Design Summary
--------------
Number of errors:      2
Number of warnings:    0
Logic Utilization:
  Total Number Slice Registers:         875 out of   1,920   45%
    Number used as Flip Flops:          844
    Number used as Latches:              31
  Number of 4 input LUTs:             1,596 out of   1,920   83%
Logic Distribution:
  Number of occupied Slices:            978 out of     960  101% (OVERMAPPED)
    Number of Slices containing only related logic:     978 out of     978 100%
    Number of Slices containing unrelated logic:          0 out of     978   0%
      *See NOTES below for an explanation of the effects of unrelated logic.
  Total Number of 4 input LUTs:       1,632 out of   1,920   85%
    Number used as logic:             1,596
    Number used as a route-thru:         36

  The Slice Logic Distribution report is not meaningful if the design is
  over-mapped for a non-slice resource or if Placement fails.

  Number of bonded IOBs:                 76 out of     108   70%
  Number of BUFGMUXs:                     2 out of      24    8%
  Number of MULT18X18SIOs:                1 out of       4   25%

Average Fanout of Non-Clock Nets:                4.29

Peak Memory Usage:  581 MB
Total REAL time to MAP completion:  3 secs 
Total CPU time to MAP completion:   2 secs 

NOTES:

   Related logic is defined as being logic that shares connectivity - e.g. two
   LUTs are "related" if they share common inputs.  When assembling slices,
   Map gives priority to combine logic that is related.  Doing so results in
   the best timing performance.

   Unrelated logic shares no connectivity.  Map will only begin packing
   unrelated logic into a slice once 99% of the slices are occupied through
   related logic packing.

   Note that once logic distribution reaches the 99% level through related
   logic packing, this does not mean the device is completely utilized.
   Unrelated logic packing will then begin, continuing until all usable LUTs
   and FFs are occupied.  Depending on your timing budget, increased levels of
   unrelated logic packing may adversely affect the overall timing performance
   of your design.

Table of Contents
-----------------
Section 1 - Errors
Section 2 - Warnings
Section 3 - Informational
Section 4 - Removed Logic Summary
Section 5 - Removed Logic
Section 6 - IOB Properties
Section 7 - RPMs
Section 8 - Guide Report
Section 9 - Area Group and Partition Summary
Section 10 - Timing Report
Section 11 - Configuration String Information
Section 12 - Control Set Information
Section 13 - Utilization by Hierarchy

Section 1 - Errors
------------------
ERROR:Pack:2310 - Too many comps of type "SLICEL" found to fit this device.
ERROR:Pack:18 - The design is too large for the given device and package. 
   Please check the Design Summary section to see which resource requirement for
   your design exceeds the resources available in the device.

   NOTE: An NCD file will still be generated to allow you to examine the mapped
   design.  This file is intended for evaluation use only, and will not process
   successfully through PAR.

   This mapped NCD file can be used to evaluate how the design's logic has been
   mapped into FPGA logic resources.  It can also be used to analyze
   preliminary, logic-level (pre-route) timing with one of the Xilinx static
   timing analysis tools (TRCE or Timing Analyzer).

Section 2 - Warnings
--------------------

Section 3 - Informational
-------------------------
INFO:MapLib:562 - No environment variables are currently set.
INFO:LIT:244 - All of the single ended outputs in this design are using slew
   rate limited output drivers. The delay on speed critical single ended outputs
   can be dramatically reduced by designating them as fast outputs.

Section 4 - Removed Logic Summary
---------------------------------
   2 block(s) optimized away

Section 5 - Removed Logic
-------------------------

Optimized Block(s):
TYPE 		BLOCK
GND 		XST_GND
VCC 		XST_VCC

To enable printing of redundant blocks removed and signals merged, set the
detailed map report option and rerun map.

Section 6 - IOB Properties
--------------------------

+---------------------------------------------------------------------------------------------------------------------------------------------------------+
| IOB Name                           | Type             | Direction | IO Standard          | Diff  | Drive    | Slew | Reg (s)      | Resistor | IOB      |
|                                    |                  |           |                      | Term  | Strength | Rate |              |          | Delay    |
+---------------------------------------------------------------------------------------------------------------------------------------------------------+
| clk                                | IBUF             | INPUT     | LVCMOS25             |       |          |      |              |          | 0 / 0    |
| correct<0>                         | IOB              | OUTPUT    | LVCMOS25             |       | 12       | SLOW |              |          | 0 / 0    |
| d<0>                               | IBUF             | INPUT     | LVCMOS25             |       |          |      |              |          | 0 / 0    |
| d<1>                               | IBUF             | INPUT     | LVCMOS25             |       |          |      |              |          | 0 / 0    |
| d<2>                               | IBUF             | INPUT     | LVCMOS25             |       |          |      |              |          | 0 / 0    |
| d<3>                               | IBUF             | INPUT     | LVCMOS25             |       |          |      |              |          | 0 / 0    |
| d<4>                               | IBUF             | INPUT     | LVCMOS25             |       |          |      |              |          | 0 / 0    |
| d<5>                               | IBUF             | INPUT     | LVCMOS25             |       |          |      |              |          | 0 / 0    |
| d<6>                               | IBUF             | INPUT     | LVCMOS25             |       |          |      |              |          | 0 / 0    |
| d<7>                               | IBUF             | INPUT     | LVCMOS25             |       |          |      |              |          | 0 / 0    |
| d<8>                               | IBUF             | INPUT     | LVCMOS25             |       |          |      |              |          | 0 / 0    |
| d<9>                               | IBUF             | INPUT     | LVCMOS25             |       |          |      |              |          | 0 / 0    |
| d<10>                              | IBUF             | INPUT     | LVCMOS25             |       |          |      |              |          | 0 / 0    |
| d<11>                              | IBUF             | INPUT     | LVCMOS25             |       |          |      |              |          | 0 / 0    |
| d<12>                              | IBUF             | INPUT     | LVCMOS25             |       |          |      |              |          | 0 / 0    |
| d<13>                              | IBUF             | INPUT     | LVCMOS25             |       |          |      |              |          | 0 / 0    |
| d<14>                              | IBUF             | INPUT     | LVCMOS25             |       |          |      |              |          | 0 / 0    |
| d<15>                              | IBUF             | INPUT     | LVCMOS25             |       |          |      |              |          | 0 / 0    |
| e<0>                               | IBUF             | INPUT     | LVCMOS25             |       |          |      |              |          | 0 / 0    |
| e<1>                               | IBUF             | INPUT     | LVCMOS25             |       |          |      |              |          | 0 / 0    |
| e<2>                               | IBUF             | INPUT     | LVCMOS25             |       |          |      |              |          | 0 / 0    |
| e<3>                               | IBUF             | INPUT     | LVCMOS25             |       |          |      |              |          | 0 / 0    |
| e<4>                               | IBUF             | INPUT     | LVCMOS25             |       |          |      |              |          | 0 / 0    |
| e<5>                               | IBUF             | INPUT     | LVCMOS25             |       |          |      |              |          | 0 / 0    |
| e<6>                               | IBUF             | INPUT     | LVCMOS25             |       |          |      |              |          | 0 / 0    |
| e<7>                               | IBUF             | INPUT     | LVCMOS25             |       |          |      |              |          | 0 / 0    |
| e<8>                               | IBUF             | INPUT     | LVCMOS25             |       |          |      |              |          | 0 / 0    |
| e<9>                               | IBUF             | INPUT     | LVCMOS25             |       |          |      |              |          | 0 / 0    |
| e<10>                              | IBUF             | INPUT     | LVCMOS25             |       |          |      |              |          | 0 / 0    |
| e<11>                              | IBUF             | INPUT     | LVCMOS25             |       |          |      |              |          | 0 / 0    |
| e<12>                              | IBUF             | INPUT     | LVCMOS25             |       |          |      |              |          | 0 / 0    |
| e<13>                              | IBUF             | INPUT     | LVCMOS25             |       |          |      |              |          | 0 / 0    |
| e<14>                              | IBUF             | INPUT     | LVCMOS25             |       |          |      |              |          | 0 / 0    |
| e<15>                              | IBUF             | INPUT     | LVCMOS25             |       |          |      |              |          | 0 / 0    |
| msg<0>                             | IBUF             | INPUT     | LVCMOS25             |       |          |      |              |          | 0 / 0    |
| msg<1>                             | IBUF             | INPUT     | LVCMOS25             |       |          |      |              |          | 0 / 0    |
| msg<2>                             | IBUF             | INPUT     | LVCMOS25             |       |          |      |              |          | 0 / 0    |
| msg<3>                             | IBUF             | INPUT     | LVCMOS25             |       |          |      |              |          | 0 / 0    |
| msg<4>                             | IBUF             | INPUT     | LVCMOS25             |       |          |      |              |          | 0 / 0    |
| msg<5>                             | IBUF             | INPUT     | LVCMOS25             |       |          |      |              |          | 0 / 0    |
| msg<6>                             | IBUF             | INPUT     | LVCMOS25             |       |          |      |              |          | 0 / 0    |
| msg<7>                             | IBUF             | INPUT     | LVCMOS25             |       |          |      |              |          | 0 / 0    |
| msg_r<0>                           | IOB              | OUTPUT    | LVCMOS25             |       | 12       | SLOW |              |          | 0 / 0    |
| msg_r<1>                           | IOB              | OUTPUT    | LVCMOS25             |       | 12       | SLOW |              |          | 0 / 0    |
| msg_r<2>                           | IOB              | OUTPUT    | LVCMOS25             |       | 12       | SLOW |              |          | 0 / 0    |
| msg_r<3>                           | IOB              | OUTPUT    | LVCMOS25             |       | 12       | SLOW |              |          | 0 / 0    |
| msg_r<4>                           | IOB              | OUTPUT    | LVCMOS25             |       | 12       | SLOW |              |          | 0 / 0    |
| msg_r<5>                           | IOB              | OUTPUT    | LVCMOS25             |       | 12       | SLOW |              |          | 0 / 0    |
| msg_r<6>                           | IOB              | OUTPUT    | LVCMOS25             |       | 12       | SLOW |              |          | 0 / 0    |
| msg_r<7>                           | IOB              | OUTPUT    | LVCMOS25             |       | 12       | SLOW |              |          | 0 / 0    |
| msg_r<8>                           | IOB              | OUTPUT    | LVCMOS25             |       | 12       | SLOW |              |          | 0 / 0    |
| msg_r<9>                           | IOB              | OUTPUT    | LVCMOS25             |       | 12       | SLOW |              |          | 0 / 0    |
| msg_r<10>                          | IOB              | OUTPUT    | LVCMOS25             |       | 12       | SLOW |              |          | 0 / 0    |
| msg_r<11>                          | IOB              | OUTPUT    | LVCMOS25             |       | 12       | SLOW |              |          | 0 / 0    |
| msg_r<12>                          | IOB              | OUTPUT    | LVCMOS25             |       | 12       | SLOW |              |          | 0 / 0    |
| msg_r<13>                          | IOB              | OUTPUT    | LVCMOS25             |       | 12       | SLOW |              |          | 0 / 0    |
| msg_r<14>                          | IOB              | OUTPUT    | LVCMOS25             |       | 12       | SLOW |              |          | 0 / 0    |
| msg_r<15>                          | IOB              | OUTPUT    | LVCMOS25             |       | 12       | SLOW |              |          | 0 / 0    |
| p<0>                               | IBUF             | INPUT     | LVCMOS25             |       |          |      |              |          | 0 / 0    |
| p<1>                               | IBUF             | INPUT     | LVCMOS25             |       |          |      |              |          | 0 / 0    |
| p<2>                               | IBUF             | INPUT     | LVCMOS25             |       |          |      |              |          | 0 / 0    |
| p<3>                               | IBUF             | INPUT     | LVCMOS25             |       |          |      |              |          | 0 / 0    |
| p<4>                               | IBUF             | INPUT     | LVCMOS25             |       |          |      |              |          | 0 / 0    |
| p<5>                               | IBUF             | INPUT     | LVCMOS25             |       |          |      |              |          | 0 / 0    |
| p<6>                               | IBUF             | INPUT     | LVCMOS25             |       |          |      |              |          | 0 / 0    |
| p<7>                               | IBUF             | INPUT     | LVCMOS25             |       |          |      |              |          | 0 / 0    |
| q<0>                               | IBUF             | INPUT     | LVCMOS25             |       |          |      |              |          | 0 / 0    |
| q<1>                               | IBUF             | INPUT     | LVCMOS25             |       |          |      |              |          | 0 / 0    |
| q<2>                               | IBUF             | INPUT     | LVCMOS25             |       |          |      |              |          | 0 / 0    |
| q<3>                               | IBUF             | INPUT     | LVCMOS25             |       |          |      |              |          | 0 / 0    |
| q<4>                               | IBUF             | INPUT     | LVCMOS25             |       |          |      |              |          | 0 / 0    |
| q<5>                               | IBUF             | INPUT     | LVCMOS25             |       |          |      |              |          | 0 / 0    |
| q<6>                               | IBUF             | INPUT     | LVCMOS25             |       |          |      |              |          | 0 / 0    |
| q<7>                               | IBUF             | INPUT     | LVCMOS25             |       |          |      |              |          | 0 / 0    |
| reset                              | IBUF             | INPUT     | LVCMOS25             |       |          |      |              |          | 0 / 0    |
| start                              | IBUF             | INPUT     | LVCMOS25             |       |          |      |              |          | 0 / 0    |
+---------------------------------------------------------------------------------------------------------------------------------------------------------+

Section 7 - RPMs
----------------

Section 8 - Guide Report
------------------------
Guide not run on this design.

Section 9 - Area Group and Partition Summary
--------------------------------------------

Partition Implementation Status
-------------------------------

  No Partitions were found in this design.

-------------------------------

Area Group Information
----------------------

  No area groups were found in this design.

----------------------

Section 10 - Timing Report
--------------------------
This design was not run using timing mode.

Section 11 - Configuration String Details
-----------------------------------------
Use the "-detail" map option to print out Configuration Strings

Section 12 - Control Set Information
------------------------------------
No control set information for this architecture.

Section 13 - Utilization by Hierarchy
-------------------------------------
Use the "-detail" map option to print out the Utilization by Hierarchy section.
