--------------------------------------------------------------------------------
Release 14.4 Trace  (nt64)
Copyright (c) 1995-2012 Xilinx, Inc.  All rights reserved.

C:\Xilinx\14.4\ISE_DS\ISE\bin\nt64\unwrapped\trce.exe -intstyle ise -v 3 -s 5
-n 3 -fastpaths -xml gpio.twx gpio.ncd -o gpio.twr gpio.pcf -ucf
constraints_nexys2_1200.ucf

Design file:              gpio.ncd
Physical constraint file: gpio.pcf
Device,package,speed:     xc3s1200e,fg320,-5 (PRODUCTION 1.27 2012-12-04)
Report level:             verbose report

Environment Variable      Effect 
--------------------      ------ 
NONE                      No environment variables were set
--------------------------------------------------------------------------------

INFO:Timing:2698 - No timing constraints found, doing default enumeration.
INFO:Timing:3412 - To improve timing, see the Timing Closure User Guide (UG612).
INFO:Timing:2752 - To get complete path coverage, use the unconstrained paths 
   option. All paths that are not constrained will be reported in the 
   unconstrained paths section(s) of the report.
INFO:Timing:3339 - The clock-to-out numbers in this timing report are based on 
   a 50 Ohm transmission line loading model.  For the details of this model, 
   and for more information on accounting for different loading conditions, 
   please see the device datasheet.
INFO:Timing:3390 - This architecture does not support a default System Jitter 
   value, please add SYSTEM_JITTER constraint to the UCF to modify the Clock 
   Uncertainty calculation.
INFO:Timing:3389 - This architecture does not support 'Discrete Jitter' and 
   'Phase Error' calculations, these terms will be zero in the Clock 
   Uncertainty calculation.  Please make appropriate modification to 
   SYSTEM_JITTER to account for the unsupported Discrete Jitter and Phase 
   Error.



Data Sheet report:
-----------------
All values displayed in nanoseconds (ns)

Pad to Pad
---------------+---------------+---------+
Source Pad     |Destination Pad|  Delay  |
---------------+---------------+---------+
en_o<0>        |pads<0>        |    4.458|
en_o<1>        |pads<1>        |    4.458|
en_o<2>        |pads<2>        |    4.880|
en_o<3>        |pads<3>        |    5.176|
input<0>       |pads<0>        |    5.106|
input<1>       |pads<1>        |    4.804|
input<2>       |pads<2>        |    4.792|
input<3>       |pads<3>        |    4.569|
pads<0>        |output<0>      |    4.794|
pads<1>        |output<1>      |    4.579|
pads<2>        |output<2>      |    4.453|
pads<3>        |output<3>      |    5.085|
---------------+---------------+---------+


Analysis completed Fri Dec 18 11:10:56 2015 
--------------------------------------------------------------------------------

Trace Settings:
-------------------------
Trace Settings 

Peak Memory Usage: 168 MB



