--------------------------------------------------------------------------------
Release 14.7 Trace  (nt64)
Copyright (c) 1995-2013 Xilinx, Inc.  All rights reserved.

C:\Xilinx\14.7\ISE_DS\ISE\bin\nt64\unwrapped\trce.exe -intstyle ise -v 3 -s 5
-n 3 -fastpaths -xml display_top_level.twx display_top_level.ncd -o
display_top_level.twr display_top_level.pcf -ucf BasysRevEGeneral.ucf

Design file:              display_top_level.ncd
Physical constraint file: display_top_level.pcf
Device,package,speed:     xc3s100e,tq144,-5 (PRODUCTION 1.27 2013-10-13)
Report level:             verbose report

Environment Variable      Effect 
--------------------      ------ 
NONE                      No environment variables were set
--------------------------------------------------------------------------------

INFO:Timing:2698 - No timing constraints found, doing default enumeration.
INFO:Timing:3412 - To improve timing, see the Timing Closure User Guide (UG612).
INFO:Timing:2752 - To get complete path coverage, use the unconstrained paths 
   option. All paths that are not constrained will be reported in the 
   unconstrained paths section(s) of the report.
INFO:Timing:3339 - The clock-to-out numbers in this timing report are based on 
   a 50 Ohm transmission line loading model.  For the details of this model, 
   and for more information on accounting for different loading conditions, 
   please see the device datasheet.
INFO:Timing:3390 - This architecture does not support a default System Jitter 
   value, please add SYSTEM_JITTER constraint to the UCF to modify the Clock 
   Uncertainty calculation.
INFO:Timing:3389 - This architecture does not support 'Discrete Jitter' and 
   'Phase Error' calculations, these terms will be zero in the Clock 
   Uncertainty calculation.  Please make appropriate modification to 
   SYSTEM_JITTER to account for the unsupported Discrete Jitter and Phase 
   Error.



Data Sheet report:
-----------------
All values displayed in nanoseconds (ns)

Setup/Hold to clock clock
----------------+------------+------------+------------------+--------+
                |Max Setup to|Max Hold to |                  | Clock  |
Source          | clk (edge) | clk (edge) |Internal Clock(s) | Phase  |
----------------+------------+------------+------------------+--------+
in_byte<0>      |    0.168(R)|    1.123(R)|clock_BUFGP       |   0.000|
in_byte<1>      |    0.562(R)|    1.165(R)|clock_BUFGP       |   0.000|
in_byte<2>      |    0.181(R)|    1.352(R)|clock_BUFGP       |   0.000|
in_byte<3>      |    0.142(R)|    1.009(R)|clock_BUFGP       |   0.000|
in_byte<4>      |    1.034(R)|    1.005(R)|clock_BUFGP       |   0.000|
in_byte<5>      |    0.511(R)|    0.747(R)|clock_BUFGP       |   0.000|
in_byte<6>      |    1.005(R)|    0.879(R)|clock_BUFGP       |   0.000|
in_byte<7>      |    0.872(R)|    0.534(R)|clock_BUFGP       |   0.000|
load_dots_enable|    2.495(R)|    0.990(R)|clock_BUFGP       |   0.000|
load_lsb_value  |    2.918(R)|   -0.146(R)|clock_BUFGP       |   0.000|
load_msb_value  |    2.097(R)|    0.511(R)|clock_BUFGP       |   0.000|
----------------+------------+------------+------------------+--------+

Clock clock to Pad
------------+------------+------------------+--------+
            | clk (edge) |                  | Clock  |
Destination |   to PAD   |Internal Clock(s) | Phase  |
------------+------------+------------------+--------+
anodes<0>   |   10.140(R)|clock_BUFGP       |   0.000|
anodes<1>   |    9.732(R)|clock_BUFGP       |   0.000|
anodes<2>   |    9.733(R)|clock_BUFGP       |   0.000|
anodes<3>   |   10.131(R)|clock_BUFGP       |   0.000|
cathodes<0> |   11.598(R)|clock_BUFGP       |   0.000|
cathodes<1> |   11.823(R)|clock_BUFGP       |   0.000|
cathodes<2> |   11.254(R)|clock_BUFGP       |   0.000|
cathodes<3> |   11.715(R)|clock_BUFGP       |   0.000|
cathodes<4> |   11.737(R)|clock_BUFGP       |   0.000|
cathodes<5> |   11.687(R)|clock_BUFGP       |   0.000|
cathodes<6> |   11.314(R)|clock_BUFGP       |   0.000|
cathodes<7> |    9.248(R)|clock_BUFGP       |   0.000|
------------+------------+------------------+--------+

Clock to Setup on destination clock clock
---------------+---------+---------+---------+---------+
               | Src:Rise| Src:Fall| Src:Rise| Src:Fall|
Source Clock   |Dest:Rise|Dest:Rise|Dest:Fall|Dest:Fall|
---------------+---------+---------+---------+---------+
clock          |    3.559|         |         |         |
---------------+---------+---------+---------+---------+


Analysis completed Wed Nov 15 23:04:50 2017 
--------------------------------------------------------------------------------

Trace Settings:
-------------------------
Trace Settings 

Peak Memory Usage: 151 MB



