Command line:
   comparatore_isim_beh.exe
     -simmode  gui
     -simrunnum  0
     -socket  48564

Wed Oct 11 14:08:47 2017


 Elaboration Time: 0.02 sec

 Current Memory Usage: 199.676 Meg

 Total Signals          : 3
 Total Nets             : 3
 Total Signal Drivers   : 1
 Total Blocks           : 2
 Total Primitive Blocks : 2
 Total Processes        : 1
 Total Traceable Variables  : 8
 Total Scalar Nets and Variables : 363
Total Line Count : 1
Total Line Count : 1

 Total Simulation Time: 0.05 sec

 Current Memory Usage: 208.069 Meg

Wed Oct 11 14:10:33 2017

