Command line:
   clk_fil_isim_beh.exe
     -simmode  gui
     -simrunnum  0
     -socket  58552

Fri Nov 10 22:10:43 2017


 Elaboration Time: 0.01 sec

 Current Memory Usage: 199.786 Meg

 Total Signals          : 6
 Total Nets             : 204
 Total Signal Drivers   : 3
 Total Blocks           : 3
 Total Primitive Blocks : 3
 Total Processes        : 2
 Total Traceable Variables  : 15
 Total Scalar Nets and Variables : 689
Total Line Count : 7

 Total Simulation Time: 0.02 sec

 Current Memory Usage: 208.179 Meg

Fri Nov 10 22:10:49 2017

