ISim log file
Running: D:\Encryp\tb_RSA_isim_map.exe -intstyle ise -gui -sdfmax /uut/=netgen/map/RSA_map.sdf -sdfroot /uut -tclbatch isim.cmd -wdb D:/Encryp/tb_RSA_isim_map.wdb 
ISim P.20131013 (signature 0x7708f090)
This is a Full version of ISim.
INFO: SDF backannotation was successful with SDF file netgen/map/RSA_map.sdf, for root module /uut/.
Time resolution is 1 ps
# onerror resume
# wave add /
# run 1000 ns
Simulator is doing circuit initialization process.
Finished circuit initialization process.
at 202756 ps(5), Instance /tb_rsa/uut/RSAFSM_Current_State_0/ : Warning: /X_FF SETUP  Low VIOLATION ON I WITH RESPECT TO CLK;
  Expected := 0.132 ns; Observed := 0.074 ns; At : 202.756 ns
at 202756 ps(5), Instance /tb_rsa/uut/RSAFSM_Current_State_1/ : Warning: /X_FF SETUP High VIOLATION ON I WITH RESPECT TO CLK;
  Expected := 0.132 ns; Observed := 0.127 ns; At : 202.756 ns
at 212756 ps(5), Instance /tb_rsa/uut/RSAFSM_Current_State_0/ : Warning: /X_FF SETUP   X  VIOLATION ON I WITH RESPECT TO CLK;
  Expected := 0.132 ns; Observed := 0.074 ns; At : 212.756 ns
at 222756 ps(5), Instance /tb_rsa/uut/RSAFSM_Current_State_1/ : Warning: /X_FF SETUP  Low VIOLATION ON I WITH RESPECT TO CLK;
  Expected := 0.132 ns; Observed := 0.127 ns; At : 222.756 ns
at 232756 ps(5), Instance /tb_rsa/uut/RSAFSM_Current_State_1/ : Warning: /X_FF SETUP   X  VIOLATION ON I WITH RESPECT TO CLK;
  Expected := 0.132 ns; Observed := 0.127 ns; At : 232.756 ns
at 252756 ps(5), Instance /tb_rsa/uut/RSAFSM_Current_State_1/ : Warning: /X_FF SETUP  Low VIOLATION ON I WITH RESPECT TO CLK;
  Expected := 0.132 ns; Observed := 0.127 ns; At : 252.756 ns
at 262756 ps(5), Instance /tb_rsa/uut/RSAFSM_Current_State_1/ : Warning: /X_FF SETUP   X  VIOLATION ON I WITH RESPECT TO CLK;
  Expected := 0.132 ns; Observed := 0.127 ns; At : 262.756 ns
at 282756 ps(5), Instance /tb_rsa/uut/RSAFSM_Current_State_1/ : Warning: /X_FF SETUP  Low VIOLATION ON I WITH RESPECT TO CLK;
  Expected := 0.132 ns; Observed := 0.127 ns; At : 282.756 ns
at 292756 ps(5), Instance /tb_rsa/uut/RSAFSM_Current_State_1/ : Warning: /X_FF SETUP   X  VIOLATION ON I WITH RESPECT TO CLK;
  Expected := 0.132 ns; Observed := 0.127 ns; At : 292.756 ns
at 312756 ps(5), Instance /tb_rsa/uut/RSAFSM_Current_State_1/ : Warning: /X_FF SETUP  Low VIOLATION ON I WITH RESPECT TO CLK;
  Expected := 0.132 ns; Observed := 0.127 ns; At : 312.756 ns
at 322756 ps(5), Instance /tb_rsa/uut/RSAFSM_Current_State_1/ : Warning: /X_FF SETUP   X  VIOLATION ON I WITH RESPECT TO CLK;
  Expected := 0.132 ns; Observed := 0.127 ns; At : 322.756 ns
at 372756 ps(5), Instance /tb_rsa/uut/RSAFSM_Current_State_11/ : Warning: /X_FF SETUP   X  VIOLATION ON I WITH RESPECT TO CLK;
  Expected := 0.132 ns; Observed := 0.127 ns; At : 372.756 ns
at 382756 ps(5), Instance /tb_rsa/uut/RSAFSM_Current_State_11/ : Warning: /X_FF SETUP  Low VIOLATION ON I WITH RESPECT TO CLK;
  Expected := 0.132 ns; Observed := 0.127 ns; At : 382.756 ns
at 402756 ps(5), Instance /tb_rsa/uut/RSAFSM_Current_State_4/ : Warning: /X_FF SETUP   X  VIOLATION ON I WITH RESPECT TO CLK;
  Expected := 0.132 ns; Observed := 0.085 ns; At : 402.756 ns
at 402756 ps(5), Instance /tb_rsa/uut/RSAFSM_Current_State_11/ : Warning: /X_FF SETUP   X  VIOLATION ON I WITH RESPECT TO CLK;
  Expected := 0.132 ns; Observed := 0.127 ns; At : 402.756 ns
at 412756 ps(5), Instance /tb_rsa/uut/RSAFSM_Current_State_11/ : Warning: /X_FF SETUP  Low VIOLATION ON I WITH RESPECT TO CLK;
  Expected := 0.132 ns; Observed := 0.127 ns; At : 412.756 ns
at 432756 ps(5), Instance /tb_rsa/uut/RSAFSM_Current_State_4/ : Warning: /X_FF SETUP   X  VIOLATION ON I WITH RESPECT TO CLK;
  Expected := 0.132 ns; Observed := 0.085 ns; At : 432.756 ns
at 432756 ps(5), Instance /tb_rsa/uut/RSAFSM_Current_State_11/ : Warning: /X_FF SETUP   X  VIOLATION ON I WITH RESPECT TO CLK;
  Expected := 0.132 ns; Observed := 0.127 ns; At : 432.756 ns
at 442756 ps(5), Instance /tb_rsa/uut/RSAFSM_Current_State_11/ : Warning: /X_FF SETUP  Low VIOLATION ON I WITH RESPECT TO CLK;
  Expected := 0.132 ns; Observed := 0.127 ns; At : 442.756 ns
at 462756 ps(5), Instance /tb_rsa/uut/RSAFSM_Current_State_4/ : Warning: /X_FF SETUP   X  VIOLATION ON I WITH RESPECT TO CLK;
  Expected := 0.132 ns; Observed := 0.085 ns; At : 462.756 ns
at 462756 ps(5), Instance /tb_rsa/uut/RSAFSM_Current_State_11/ : Warning: /X_FF SETUP   X  VIOLATION ON I WITH RESPECT TO CLK;
  Expected := 0.132 ns; Observed := 0.127 ns; At : 462.756 ns
at 472756 ps(5), Instance /tb_rsa/uut/RSAFSM_Current_State_11/ : Warning: /X_FF SETUP  Low VIOLATION ON I WITH RESPECT TO CLK;
  Expected := 0.132 ns; Observed := 0.127 ns; At : 472.756 ns
