Command line:
   tb_mac_multiplier_isim_beh.exe
     -simmode  gui
     -simrunnum  0
     -socket  43687

Thu Jan 18 10:55:29 2018


 Elaboration Time: 0.1 sec

 Current Memory Usage: 200.208 Meg

 Total Signals          : 380
 Total Nets             : 138
 Total Signal Drivers   : 118
 Total Blocks           : 100
 Total Primitive Blocks : 46
 Total Processes        : 117
 Total Traceable Variables  : 49
 Total Scalar Nets and Variables : 657
Total Line Count : 110

 Total Simulation Time: 0.12 sec

 Current Memory Usage: 208.601 Meg

Thu Jan 18 10:59:13 2018

