Running: /opt/Xilinx/14.7/ISE_DS/ISE/bin/lin64/unwrapped/fuse -intstyle ise -incremental -o /media/sf_ASE/VHDL/Milo/div_rest/div_rest/Divisore_restoring_testbench_isim_beh.exe -prj /media/sf_ASE/VHDL/Milo/div_rest/div_rest/Divisore_restoring_testbench_beh.prj work.Divisore_restoring_testbench 
ISim P.20131013 (signature 0xfbc00daa)
Number of CPUs detected in this system: 1
Turning on mult-threading, number of parallel sub-compilation jobs: 0 
Determining compilation order of HDL files
Parsing VHDL file "/media/sf_ASE/VHDL/Milo/div_rest/div_rest/half_adder.vhd" into library work
Parsing VHDL file "/media/sf_ASE/VHDL/Milo/div_rest/div_rest/full_adder.vhd" into library work
Parsing VHDL file "/media/sf_ASE/VHDL/Milo/div_rest/div_rest/ripple_carry_adder.vhd" into library work
Parsing VHDL file "/media/sf_ASE/VHDL/Milo/div_rest/div_rest/mux2_1.vhd" into library work
Parsing VHDL file "/media/sf_ASE/VHDL/Milo/div_rest/div_rest/latch_d_en.vhd" into library work
Parsing VHDL file "/media/sf_ASE/VHDL/Milo/div_rest/div_rest/shifter_a_sinistra.vhd" into library work
Parsing VHDL file "/media/sf_ASE/VHDL/Milo/div_rest/div_rest/serial_div_restoring.vhd" into library work
Parsing VHDL file "/media/sf_ASE/VHDL/Milo/div_rest/div_rest/contatore_modulo_4.vhd" into library work
Parsing VHDL file "/media/sf_ASE/VHDL/Milo/div_rest/div_rest/add_sub.vhd" into library work
Parsing VHDL file "/media/sf_ASE/VHDL/Milo/div_rest/div_rest/divisore_restoring.vhd" into library work
Parsing VHDL file "/media/sf_ASE/VHDL/Milo/div_rest/div_rest/Divisore_restoring_testbench.vhd" into library work
Starting static elaboration
Completed static elaboration
Fuse Memory Usage: 98224 KB
Fuse CPU Usage: 1120 ms
Compiling package standard
Compiling package std_logic_1164
Compiling package numeric_std
Compiling package std_logic_arith
Compiling architecture behavioral of entity serial_div_restoring [serial_div_restoring_default]
Compiling architecture behavioral of entity contatore_modulo_2n [\contatore_modulo_2n(6)\]
Compiling architecture dataflow of entity mux2_1 [mux2_1_default]
Compiling architecture behavioral of entity latch_d_en [\latch_d_en(1)\]
Compiling architecture structural of entity boundary_scan_chain [\boundary_scan_chain(64)\]
Compiling architecture behavioral of entity latch_d_en [\latch_d_en(64)\]
Compiling architecture dataflow of entity half_adder [half_adder_default]
Compiling architecture structural of entity full_adder [full_adder_default]
Compiling architecture structural of entity ripple_carry_adder [\ripple_carry_adder(64)\]
Compiling architecture structural of entity add_sub [\add_sub(64)\]
Compiling architecture behavioral of entity latch_d_en [\latch_d_en(128)\]
Compiling architecture structural of entity divisore_restoring [\divisore_restoring(64)\]
Compiling architecture behavior of entity divisore_restoring_testbench
Time Resolution for simulation is 1ps.
Compiled 29 VHDL Units
Built simulation executable /media/sf_ASE/VHDL/Milo/div_rest/div_rest/Divisore_restoring_testbench_isim_beh.exe
Fuse Memory Usage: 115232 KB
Fuse CPU Usage: 1290 ms
GCC CPU Usage: 2640 ms
