Release 14.7 - ngc2edif P.20131013 (lin64)
Copyright (c) 1995-2013 Xilinx, Inc.  All rights reserved.
Reading design tester_dispositivi.ngc ...
WARNING:NetListWriters:298 - No output is written to tester_dispositivi.xncf,
   ignored.
Processing design ...
   Preping design's networks ...
   Preping design's macros ...
WARNING:NetListWriters:306 - Signal bus div_rest/sum1<7 : 0> on block
   tester_dispositivi is not reconstructed, because there are some missing bus
   signals.
  finished :Prep
Writing EDIF netlist file tester_dispositivi.edif ...
ngc2edif: Total memory usage is 103684 kilobytes

Release 14.7 - ngc2edif P.20131013 (lin64)
Copyright (c) 1995-2013 Xilinx, Inc.  All rights reserved.
Reading design tester_dispositivi.ngc ...
WARNING:NetListWriters:298 - No output is written to tester_dispositivi.xncf,
   ignored.
Processing design ...
   Preping design's networks ...
   Preping design's macros ...
WARNING:NetListWriters:306 - Signal bus div_rest/sum1<7 : 0> on block
   tester_dispositivi is not reconstructed, because there are some missing bus
   signals.
  finished :Prep
Writing EDIF netlist file tester_dispositivi.edif ...
ngc2edif: Total memory usage is 103684 kilobytes

