Release 14.4 - xst P.49d (nt)
Copyright (c) 1995-2012 Xilinx, Inc.  All rights reserved.
--> Parameter TMPDIR set to xst/projnav.tmp


Total REAL time to Xst completion: 0.00 secs
Total CPU time to Xst completion: 0.17 secs
 
--> Parameter xsthdpdir set to xst


Total REAL time to Xst completion: 0.00 secs
Total CPU time to Xst completion: 0.17 secs
 
--> Reading design: anode_manager.prj

TABLE OF CONTENTS
  1) Synthesis Options Summary
  2) HDL Compilation
  3) Design Hierarchy Analysis
  4) HDL Analysis
  5) HDL Synthesis
     5.1) HDL Synthesis Report
  6) Advanced HDL Synthesis
     6.1) Advanced HDL Synthesis Report
  7) Low Level Synthesis
  8) Partition Report
  9) Final Report
	9.1) Device utilization summary
	9.2) Partition Resource Summary
	9.3) TIMING REPORT


=========================================================================
*                      Synthesis Options Summary                        *
=========================================================================
---- Source Parameters
Input File Name                    : "anode_manager.prj"
Input Format                       : mixed
Ignore Synthesis Constraint File   : NO

---- Target Parameters
Output File Name                   : "anode_manager"
Output Format                      : NGC
Target Device                      : xc3s100e-5-tq144

---- Source Options
Top Module Name                    : anode_manager
Automatic FSM Extraction           : YES
FSM Encoding Algorithm             : Auto
Safe Implementation                : No
FSM Style                          : LUT
RAM Extraction                     : Yes
RAM Style                          : Auto
ROM Extraction                     : Yes
Mux Style                          : Auto
Decoder Extraction                 : YES
Priority Encoder Extraction        : Yes
Shift Register Extraction          : YES
Logical Shifter Extraction         : YES
XOR Collapsing                     : YES
ROM Style                          : Auto
Mux Extraction                     : Yes
Resource Sharing                   : YES
Asynchronous To Synchronous        : NO
Multiplier Style                   : Auto
Automatic Register Balancing       : No

---- Target Options
Add IO Buffers                     : YES
Global Maximum Fanout              : 500
Add Generic Clock Buffer(BUFG)     : 24
Register Duplication               : YES
Slice Packing                      : YES
Optimize Instantiated Primitives   : NO
Use Clock Enable                   : Yes
Use Synchronous Set                : Yes
Use Synchronous Reset              : Yes
Pack IO Registers into IOBs        : Auto
Equivalent register Removal        : YES

---- General Options
Optimization Goal                  : Speed
Optimization Effort                : 1
Keep Hierarchy                     : No
Netlist Hierarchy                  : As_Optimized
RTL Output                         : Yes
Global Optimization                : AllClockNets
Read Cores                         : YES
Write Timing Constraints           : NO
Cross Clock Analysis               : NO
Hierarchy Separator                : /
Bus Delimiter                      : <>
Case Specifier                     : Maintain
Slice Utilization Ratio            : 100
BRAM Utilization Ratio             : 100
Verilog 2001                       : YES
Auto BRAM Packing                  : NO
Slice Utilization Ratio Delta      : 5

=========================================================================


=========================================================================
*                          HDL Compilation                              *
=========================================================================
Compiling vhdl file "C:/Users/Michele/Documents/TesinaASE/VHDL/Display/muxn_1.vhd" in Library work.
Architecture dataflow of Entity muxn_1 is up to date.
Compiling vhdl file "C:/Users/Michele/Documents/TesinaASE/VHDL/Display/demux1_n.vhd" in Library work.
Architecture behavioral1 of Entity demux1_n is up to date.
Architecture behavioral2 of Entity demux1_n is up to date.
Architecture dataflow of Entity demux1_n is up to date.
Compiling vhdl file "C:/Users/Michele/Documents/TesinaASE/VHDL/Display/anode_manager.vhd" in Library work.
Entity <anode_manager> compiled.
Entity <anode_manager> (Architecture <structural>) compiled.

=========================================================================
*                     Design Hierarchy Analysis                         *
=========================================================================
Analyzing hierarchy for entity <anode_manager> in library <work> (architecture <structural>).

Analyzing hierarchy for entity <muxn_1> in library <work> (architecture <dataflow>) with generics.
	address_width = 2

Analyzing hierarchy for entity <demux1_n> in library <work> (architecture <behavioral1>) with generics.
	address_width = 2


=========================================================================
*                            HDL Analysis                               *
=========================================================================
Analyzing Entity <anode_manager> in library <work> (Architecture <structural>).
Entity <anode_manager> analyzed. Unit <anode_manager> generated.

Analyzing generic Entity <muxn_1> in library <work> (Architecture <dataflow>).
	address_width = 2
Entity <muxn_1> analyzed. Unit <muxn_1> generated.

Analyzing generic Entity <demux1_n> in library <work> (Architecture <behavioral1>).
	address_width = 2
Entity <demux1_n> analyzed. Unit <demux1_n> generated.


=========================================================================
*                           HDL Synthesis                               *
=========================================================================

Performing bidirectional port resolution...

Synthesizing Unit <muxn_1>.
    Related source file is "C:/Users/Michele/Documents/TesinaASE/VHDL/Display/muxn_1.vhd".
    Found 1-bit 4-to-1 multiplexer for signal <X>.
    Summary:
	inferred   1 Multiplexer(s).
Unit <muxn_1> synthesized.


Synthesizing Unit <demux1_n>.
    Related source file is "C:/Users/Michele/Documents/TesinaASE/VHDL/Display/demux1_n.vhd".
Unit <demux1_n> synthesized.


Synthesizing Unit <anode_manager>.
    Related source file is "C:/Users/Michele/Documents/TesinaASE/VHDL/Display/anode_manager.vhd".
Unit <anode_manager> synthesized.


=========================================================================
HDL Synthesis Report

Macro Statistics
# Multiplexers                                         : 1
 1-bit 4-to-1 multiplexer                              : 1

=========================================================================

=========================================================================
*                       Advanced HDL Synthesis                          *
=========================================================================


=========================================================================
Advanced HDL Synthesis Report

Macro Statistics
# Multiplexers                                         : 1
 1-bit 4-to-1 multiplexer                              : 1

=========================================================================

=========================================================================
*                         Low Level Synthesis                           *
=========================================================================

Optimizing unit <anode_manager> ...

Mapping all equations...
Building and optimizing final netlist ...
Found area constraint ratio of 100 (+ 5) on block anode_manager, actual ratio is 0.

Final Macro Processing ...

=========================================================================
Final Register Report

Found no macro
=========================================================================

=========================================================================
*                           Partition Report                            *
=========================================================================

Partition Implementation Status
-------------------------------

  No Partitions were found in this design.

-------------------------------

=========================================================================
*                            Final Report                               *
=========================================================================
Final Results
RTL Top Level Output File Name     : anode_manager.ngr
Top Level Output File Name         : anode_manager
Output Format                      : NGC
Optimization Goal                  : Speed
Keep Hierarchy                     : No

Design Statistics
# IOs                              : 10

Cell Usage :
# BELS                             : 7
#      LUT3                        : 6
#      MUXF5                       : 1
# IO Buffers                       : 10
#      IBUF                        : 6
#      OBUF                        : 4
=========================================================================

Device utilization summary:
---------------------------

Selected Device : 3s100etq144-5 

 Number of Slices:                        3  out of    960     0%  
 Number of 4 input LUTs:                  6  out of   1920     0%  
 Number of IOs:                          10
 Number of bonded IOBs:                  10  out of    108     9%  

---------------------------
Partition Resource Summary:
---------------------------

  No Partitions were found in this design.

---------------------------


=========================================================================
TIMING REPORT

NOTE: THESE TIMING NUMBERS ARE ONLY A SYNTHESIS ESTIMATE.
      FOR ACCURATE TIMING INFORMATION PLEASE REFER TO THE TRACE REPORT
      GENERATED AFTER PLACE-and-ROUTE.

Clock Information:
------------------
No clock signals found in this design

Asynchronous Control Signals Information:
----------------------------------------
No asynchronous control signals found in this design

Timing Summary:
---------------
Speed Grade: -5

   Minimum period: No path found
   Minimum input arrival time before clock: No path found
   Maximum output required time after clock: No path found
   Maximum combinational path delay: 7.506ns

Timing Detail:
--------------
All values displayed in nanoseconds (ns)

=========================================================================
Timing constraint: Default path analysis
  Total number of paths / destination ports: 36 / 4
-------------------------------------------------------------------------
Delay:               7.506ns (Levels of Logic = 5)
  Source:            counter<0> (PAD)
  Destination:       anodes<3> (PAD)

  Data Path: counter<0> to anodes<3>
                                Gate     Net
    Cell:in->out      fanout   Delay   Delay  Logical Name (Net Name)
    ----------------------------------------  ------------
     IBUF:I->O             6   1.106   0.721  counter_0_IBUF (counter_0_IBUF)
     LUT3:I0->O            1   0.612   0.000  inst_mux4_1/Mmux_X_3 (inst_mux4_1/Mmux_X_3)
     MUXF5:I1->O           4   0.278   0.651  inst_mux4_1/Mmux_X_2_f5 (enable_anode)
     LUT3:I0->O            1   0.612   0.357  inst_demux4_1/x_3_mux00001 (anodes_3_OBUF)
     OBUF:I->O                 3.169          anodes_3_OBUF (anodes<3>)
    ----------------------------------------
    Total                      7.506ns (5.777ns logic, 1.729ns route)
                                       (77.0% logic, 23.0% route)

=========================================================================


Total REAL time to Xst completion: 7.00 secs
Total CPU time to Xst completion: 7.15 secs
 
--> 

Total memory usage is 198944 kilobytes

Number of errors   :    0 (   0 filtered)
Number of warnings :    0 (   0 filtered)
Number of infos    :    0 (   0 filtered)

