--------------------------------------------------------------------------------
Release 14.4 Trace  (nt)
Copyright (c) 1995-2012 Xilinx, Inc.  All rights reserved.

C:\Xilinx\14.4\ISE_DS\ISE\bin\nt\unwrapped\trce.exe -intstyle ise -v 3 -s 5 -n
3 -fastpaths -xml ripple_carry_adder.twx ripple_carry_adder.ncd -o
ripple_carry_adder.twr ripple_carry_adder.pcf -ucf BasysRevEGeneral.ucf

Design file:              ripple_carry_adder.ncd
Physical constraint file: ripple_carry_adder.pcf
Device,package,speed:     xc3s100e,tq144,-5 (PRODUCTION 1.27 2012-12-04)
Report level:             verbose report

Environment Variable      Effect 
--------------------      ------ 
NONE                      No environment variables were set
--------------------------------------------------------------------------------

INFO:Timing:2698 - No timing constraints found, doing default enumeration.
INFO:Timing:3412 - To improve timing, see the Timing Closure User Guide (UG612).
INFO:Timing:2752 - To get complete path coverage, use the unconstrained paths 
   option. All paths that are not constrained will be reported in the 
   unconstrained paths section(s) of the report.
INFO:Timing:3339 - The clock-to-out numbers in this timing report are based on 
   a 50 Ohm transmission line loading model.  For the details of this model, 
   and for more information on accounting for different loading conditions, 
   please see the device datasheet.
INFO:Timing:3390 - This architecture does not support a default System Jitter 
   value, please add SYSTEM_JITTER constraint to the UCF to modify the Clock 
   Uncertainty calculation.
INFO:Timing:3389 - This architecture does not support 'Discrete Jitter' and 
   'Phase Error' calculations, these terms will be zero in the Clock 
   Uncertainty calculation.  Please make appropriate modification to 
   SYSTEM_JITTER to account for the unsupported Discrete Jitter and Phase 
   Error.



Data Sheet report:
-----------------
All values displayed in nanoseconds (ns)

Pad to Pad
---------------+---------------+---------+
Source Pad     |Destination Pad|  Delay  |
---------------+---------------+---------+
cin            |cout           |   10.593|
cin            |s<0>           |    7.597|
cin            |s<1>           |    8.737|
cin            |s<2>           |    9.637|
cin            |s<3>           |   10.448|
x<0>           |cout           |    9.616|
x<0>           |s<0>           |    6.572|
x<0>           |s<1>           |    7.760|
x<0>           |s<2>           |    8.660|
x<0>           |s<3>           |    9.471|
x<1>           |cout           |    8.894|
x<1>           |s<1>           |    6.616|
x<1>           |s<2>           |    7.938|
x<1>           |s<3>           |    8.749|
x<2>           |cout           |    7.562|
x<2>           |s<2>           |    6.643|
x<2>           |s<3>           |    7.417|
x<3>           |cout           |    7.157|
x<3>           |s<3>           |    6.867|
y<0>           |cout           |    9.344|
y<0>           |s<0>           |    6.481|
y<0>           |s<1>           |    7.488|
y<0>           |s<2>           |    8.388|
y<0>           |s<3>           |    9.199|
y<1>           |cout           |    8.605|
y<1>           |s<1>           |    6.320|
y<1>           |s<2>           |    7.649|
y<1>           |s<3>           |    8.460|
y<2>           |cout           |    7.044|
y<2>           |s<2>           |    6.437|
y<2>           |s<3>           |    6.899|
y<3>           |cout           |    6.570|
y<3>           |s<3>           |    6.436|
---------------+---------------+---------+


Analysis completed Fri Nov 10 20:22:55 2017 
--------------------------------------------------------------------------------

Trace Settings:
-------------------------
Trace Settings 

Peak Memory Usage: 108 MB



