ISim log file
Running: C:\Users\Mario\Desktop\BootMultiplier\tb_booth_isim_beh.exe -intstyle ise -gui -tclbatch isim.cmd -wdb C:/Users/Mario/Desktop/BootMultiplier/tb_booth_isim_beh.wdb 
ISim P.15xf (signature 0x2f00eba5)
This is a Full version of ISim.
Time resolution is 1 ps
# onerror resume
# wave add /
# run 1000 ns
Simulator is doing circuit initialization process.
Finished circuit initialization process.
ISim P.15xf (signature 0x2f00eba5)
This is a Full version of ISim.
# run 1000 ns
Simulator is doing circuit initialization process.
Finished circuit initialization process.
ISim P.15xf (signature 0x2f00eba5)
This is a Full version of ISim.
# run 1000 ns
Simulator is doing circuit initialization process.
Finished circuit initialization process.
