Release 14.1 - xst P.15xf (nt)
Copyright (c) 1995-2012 Xilinx, Inc.  All rights reserved.
--> Parameter TMPDIR set to xst/projnav.tmp


Total REAL time to Xst completion: 0.00 secs
Total CPU time to Xst completion: 0.13 secs
 
--> Parameter xsthdpdir set to xst


Total REAL time to Xst completion: 0.00 secs
Total CPU time to Xst completion: 0.14 secs
 
--> Reading design: shift_register_pilotato.prj

TABLE OF CONTENTS
  1) Synthesis Options Summary
  2) HDL Compilation
  3) Design Hierarchy Analysis
  4) HDL Analysis
  5) HDL Synthesis
     5.1) HDL Synthesis Report
  6) Advanced HDL Synthesis
     6.1) Advanced HDL Synthesis Report
  7) Low Level Synthesis
  8) Partition Report
  9) Final Report
	9.1) Device utilization summary
	9.2) Partition Resource Summary
	9.3) TIMING REPORT


=========================================================================
*                      Synthesis Options Summary                        *
=========================================================================
---- Source Parameters
Input File Name                    : "shift_register_pilotato.prj"
Input Format                       : mixed
Ignore Synthesis Constraint File   : NO

---- Target Parameters
Output File Name                   : "shift_register_pilotato"
Output Format                      : NGC
Target Device                      : xc3s1200e-5-fg320

---- Source Options
Top Module Name                    : shift_register_pilotato
Automatic FSM Extraction           : YES
FSM Encoding Algorithm             : Auto
Safe Implementation                : No
FSM Style                          : LUT
RAM Extraction                     : Yes
RAM Style                          : Auto
ROM Extraction                     : Yes
Mux Style                          : Auto
Decoder Extraction                 : YES
Priority Encoder Extraction        : Yes
Shift Register Extraction          : YES
Logical Shifter Extraction         : YES
XOR Collapsing                     : YES
ROM Style                          : Auto
Mux Extraction                     : Yes
Resource Sharing                   : YES
Asynchronous To Synchronous        : NO
Multiplier Style                   : Auto
Automatic Register Balancing       : No

---- Target Options
Add IO Buffers                     : YES
Global Maximum Fanout              : 100000
Add Generic Clock Buffer(BUFG)     : 24
Register Duplication               : YES
Slice Packing                      : YES
Optimize Instantiated Primitives   : NO
Use Clock Enable                   : Yes
Use Synchronous Set                : Yes
Use Synchronous Reset              : Yes
Pack IO Registers into IOBs        : Auto
Equivalent register Removal        : YES

---- General Options
Optimization Goal                  : Speed
Optimization Effort                : 1
Keep Hierarchy                     : No
Netlist Hierarchy                  : As_Optimized
RTL Output                         : Yes
Global Optimization                : AllClockNets
Read Cores                         : YES
Write Timing Constraints           : NO
Cross Clock Analysis               : NO
Hierarchy Separator                : /
Bus Delimiter                      : <>
Case Specifier                     : Maintain
Slice Utilization Ratio            : 100
BRAM Utilization Ratio             : 100
Verilog 2001                       : YES
Auto BRAM Packing                  : NO
Slice Utilization Ratio Delta      : 5

=========================================================================


=========================================================================
*                          HDL Compilation                              *
=========================================================================
Compiling vhdl file "C:/Users/Mario/Desktop/rippleCarry/BootMultiplier/mux2.vhd" in Library work.
Architecture dataflow of Entity mux2 is up to date.
Compiling vhdl file "C:/Users/Mario/Desktop/rippleCarry/BootMultiplier/flipflopd.vhd" in Library work.
Architecture behavioral of Entity flipflopd is up to date.
Compiling vhdl file "C:/Users/Mario/Desktop/rippleCarry/BootMultiplier/flipflopmux.vhd" in Library work.
Architecture structural of Entity flipflopmux is up to date.
Compiling vhdl file "C:/Users/Mario/Desktop/rippleCarry/BootMultiplier/shift_register_pilotato.vhd" in Library work.
Entity <shift_register_pilotato> compiled.
Entity <shift_register_pilotato> (Architecture <behavioral>) compiled.

=========================================================================
*                     Design Hierarchy Analysis                         *
=========================================================================
Analyzing hierarchy for entity <shift_register_pilotato> in library <work> (architecture <behavioral>) with generics.
	right_left_n_shift = '0'
	width = 8

Analyzing hierarchy for entity <flipflopmux> in library <work> (architecture <structural>).

Analyzing hierarchy for entity <mux2> in library <work> (architecture <dataflow>).

Analyzing hierarchy for entity <flipflopd> in library <work> (architecture <behavioral>).


=========================================================================
*                            HDL Analysis                               *
=========================================================================
Analyzing generic Entity <shift_register_pilotato> in library <work> (Architecture <behavioral>).
	right_left_n_shift = '0'
	width = 8
Entity <shift_register_pilotato> analyzed. Unit <shift_register_pilotato> generated.

Analyzing Entity <flipflopmux> in library <work> (Architecture <structural>).
Entity <flipflopmux> analyzed. Unit <flipflopmux> generated.

Analyzing Entity <mux2> in library <work> (Architecture <dataflow>).
Entity <mux2> analyzed. Unit <mux2> generated.

Analyzing Entity <flipflopd> in library <work> (Architecture <behavioral>).
Entity <flipflopd> analyzed. Unit <flipflopd> generated.


=========================================================================
*                           HDL Synthesis                               *
=========================================================================

Performing bidirectional port resolution...

Synthesizing Unit <mux2>.
    Related source file is "C:/Users/Mario/Desktop/rippleCarry/BootMultiplier/mux2.vhd".
Unit <mux2> synthesized.


Synthesizing Unit <flipflopd>.
    Related source file is "C:/Users/Mario/Desktop/rippleCarry/BootMultiplier/flipflopd.vhd".
    Found 1-bit register for signal <q>.
    Summary:
	inferred   1 D-type flip-flop(s).
Unit <flipflopd> synthesized.


Synthesizing Unit <flipflopmux>.
    Related source file is "C:/Users/Mario/Desktop/rippleCarry/BootMultiplier/flipflopmux.vhd".
Unit <flipflopmux> synthesized.


Synthesizing Unit <shift_register_pilotato>.
    Related source file is "C:/Users/Mario/Desktop/rippleCarry/BootMultiplier/shift_register_pilotato.vhd".
Unit <shift_register_pilotato> synthesized.


=========================================================================
HDL Synthesis Report

Macro Statistics
# Registers                                            : 8
 1-bit register                                        : 8

=========================================================================

=========================================================================
*                       Advanced HDL Synthesis                          *
=========================================================================


=========================================================================
Advanced HDL Synthesis Report

Macro Statistics
# Registers                                            : 8
 Flip-Flops                                            : 8

=========================================================================

=========================================================================
*                         Low Level Synthesis                           *
=========================================================================

Optimizing unit <shift_register_pilotato> ...

Mapping all equations...
Building and optimizing final netlist ...
Found area constraint ratio of 100 (+ 5) on block shift_register_pilotato, actual ratio is 0.
FlipFlop shift_reg[7].shift_reg_right.ffd_with_mux/ffd/q has been replicated 1 time(s) to handle iob=true attribute.

Final Macro Processing ...

=========================================================================
Final Register Report

Macro Statistics
# Registers                                            : 9
 Flip-Flops                                            : 9

=========================================================================

=========================================================================
*                           Partition Report                            *
=========================================================================

Partition Implementation Status
-------------------------------

  No Partitions were found in this design.

-------------------------------

=========================================================================
*                            Final Report                               *
=========================================================================
Final Results
RTL Top Level Output File Name     : shift_register_pilotato.ngr
Top Level Output File Name         : shift_register_pilotato
Output Format                      : NGC
Optimization Goal                  : Speed
Keep Hierarchy                     : No

Design Statistics
# IOs                              : 22

Cell Usage :
# BELS                             : 9
#      INV                         : 1
#      LUT3                        : 8
# FlipFlops/Latches                : 9
#      FDCE                        : 9
# Clock Buffers                    : 1
#      BUFGP                       : 1
# IO Buffers                       : 21
#      IBUF                        : 12
#      OBUF                        : 9
=========================================================================

Device utilization summary:
---------------------------

Selected Device : 3s1200efg320-5 

 Number of Slices:                        5  out of   8672     0%  
 Number of Slice Flip Flops:              8  out of  17344     0%  
 Number of 4 input LUTs:                  9  out of  17344     0%  
 Number of IOs:                          22
 Number of bonded IOBs:                  22  out of    250     8%  
    IOB Flip Flops:                       1
 Number of GCLKs:                         1  out of     24     4%  

---------------------------
Partition Resource Summary:
---------------------------

  No Partitions were found in this design.

---------------------------


=========================================================================
TIMING REPORT

NOTE: THESE TIMING NUMBERS ARE ONLY A SYNTHESIS ESTIMATE.
      FOR ACCURATE TIMING INFORMATION PLEASE REFER TO THE TRACE REPORT
      GENERATED AFTER PLACE-and-ROUTE.

Clock Information:
------------------
-----------------------------------+------------------------+-------+
Clock Signal                       | Clock buffer(FF name)  | Load  |
-----------------------------------+------------------------+-------+
clock                              | BUFGP                  | 9     |
-----------------------------------+------------------------+-------+

Asynchronous Control Signals Information:
----------------------------------------
-----------------------------------------------------------------------------------------------------------------------------+------------------------------------------------------+-------+
Control Signal                                                                                                               | Buffer(FF name)                                      | Load  |
-----------------------------------------------------------------------------------------------------------------------------+------------------------------------------------------+-------+
shift_reg[0].shift_reg_right.ffd_with_mux/ffd/reset_n_inv(shift_reg[0].shift_reg_right.ffd_with_mux/ffd/reset_n_inv1_INV_0:O)| NONE(shift_reg[0].shift_reg_right.ffd_with_mux/ffd/q)| 9     |
-----------------------------------------------------------------------------------------------------------------------------+------------------------------------------------------+-------+

Timing Summary:
---------------
Speed Grade: -5

   Minimum period: 1.804ns (Maximum Frequency: 554.339MHz)
   Minimum input arrival time before clock: 2.781ns
   Maximum output required time after clock: 4.063ns
   Maximum combinational path delay: 4.655ns

Timing Detail:
--------------
All values displayed in nanoseconds (ns)

=========================================================================
Timing constraint: Default period analysis for Clock 'clock'
  Clock period: 1.804ns (frequency: 554.339MHz)
  Total number of paths / destination ports: 7 / 7
-------------------------------------------------------------------------
Delay:               1.804ns (Levels of Logic = 1)
  Source:            shift_reg[6].shift_reg_right.ffd_with_mux/ffd/q (FF)
  Destination:       shift_reg[5].shift_reg_right.ffd_with_mux/ffd/q (FF)
  Source Clock:      clock rising
  Destination Clock: clock rising

  Data Path: shift_reg[6].shift_reg_right.ffd_with_mux/ffd/q to shift_reg[5].shift_reg_right.ffd_with_mux/ffd/q
                                Gate     Net
    Cell:in->out      fanout   Delay   Delay  Logical Name (Net Name)
    ----------------------------------------  ------------
     FDCE:C->Q             2   0.514   0.410  shift_reg[6].shift_reg_right.ffd_with_mux/ffd/q (shift_reg[6].shift_reg_right.ffd_with_mux/ffd/q)
     LUT3:I2->O            1   0.612   0.000  shift_reg[5].shift_reg_right.ffd_with_mux/mux/o1 (shift_reg[5].shift_reg_right.ffd_with_mux/true_d)
     FDCE:D                    0.268          shift_reg[5].shift_reg_right.ffd_with_mux/ffd/q
    ----------------------------------------
    Total                      1.804ns (1.394ns logic, 0.410ns route)
                                       (77.3% logic, 22.7% route)

=========================================================================
Timing constraint: Default OFFSET IN BEFORE for Clock 'clock'
  Total number of paths / destination ports: 29 / 18
-------------------------------------------------------------------------
Offset:              2.781ns (Levels of Logic = 2)
  Source:            scan_en (PAD)
  Destination:       shift_reg[7].shift_reg_right.ffd_with_mux/ffd/q (FF)
  Destination Clock: clock rising

  Data Path: scan_en to shift_reg[7].shift_reg_right.ffd_with_mux/ffd/q
                                Gate     Net
    Cell:in->out      fanout   Delay   Delay  Logical Name (Net Name)
    ----------------------------------------  ------------
     IBUF:I->O             8   1.106   0.795  scan_en_IBUF (scan_en_IBUF)
     LUT3:I0->O            2   0.612   0.000  shift_reg[7].shift_reg_right.ffd_with_mux/mux/o1 (shift_reg[7].shift_reg_right.ffd_with_mux/true_d)
     FDCE:D                    0.268          shift_reg[7].shift_reg_right.ffd_with_mux/ffd/q
    ----------------------------------------
    Total                      2.781ns (1.986ns logic, 0.795ns route)
                                       (71.4% logic, 28.6% route)

=========================================================================
Timing constraint: Default OFFSET OUT AFTER for Clock 'clock'
  Total number of paths / destination ports: 8 / 8
-------------------------------------------------------------------------
Offset:              4.063ns (Levels of Logic = 1)
  Source:            shift_reg[6].shift_reg_right.ffd_with_mux/ffd/q (FF)
  Destination:       q<5> (PAD)
  Source Clock:      clock rising

  Data Path: shift_reg[6].shift_reg_right.ffd_with_mux/ffd/q to q<5>
                                Gate     Net
    Cell:in->out      fanout   Delay   Delay  Logical Name (Net Name)
    ----------------------------------------  ------------
     FDCE:C->Q             2   0.514   0.380  shift_reg[6].shift_reg_right.ffd_with_mux/ffd/q (shift_reg[6].shift_reg_right.ffd_with_mux/ffd/q)
     OBUF:I->O                 3.169          q_5_OBUF (q<5>)
    ----------------------------------------
    Total                      4.063ns (3.683ns logic, 0.380ns route)
                                       (90.6% logic, 9.4% route)

=========================================================================
Timing constraint: Default path analysis
  Total number of paths / destination ports: 1 / 1
-------------------------------------------------------------------------
Delay:               4.655ns (Levels of Logic = 2)
  Source:            scan_in (PAD)
  Destination:       q<7> (PAD)

  Data Path: scan_in to q<7>
                                Gate     Net
    Cell:in->out      fanout   Delay   Delay  Logical Name (Net Name)
    ----------------------------------------  ------------
     IBUF:I->O             2   1.106   0.380  scan_in_IBUF (q_7_OBUF)
     OBUF:I->O                 3.169          q_7_OBUF (q<7>)
    ----------------------------------------
    Total                      4.655ns (4.275ns logic, 0.380ns route)
                                       (91.8% logic, 8.2% route)

=========================================================================


Total REAL time to Xst completion: 6.00 secs
Total CPU time to Xst completion: 6.24 secs
 
--> 

Total memory usage is 198684 kilobytes

Number of errors   :    0 (   0 filtered)
Number of warnings :    0 (   0 filtered)
Number of infos    :    0 (   0 filtered)

