--------------------------------------------------------------------------------
Release 14.7 Trace  (lin64)
Copyright (c) 1995-2013 Xilinx, Inc.  All rights reserved.

/opt/Xilinx/14.7/ISE_DS/ISE/bin/lin64/unwrapped/trce -intstyle ise -v 3 -s 5 -n
3 -fastpaths -xml riconoscitore_stringa_generico.twx
riconoscitore_stringa_generico.ncd -o riconoscitore_stringa_generico.twr
riconoscitore_stringa_generico.pcf

Design file:              riconoscitore_stringa_generico.ncd
Physical constraint file: riconoscitore_stringa_generico.pcf
Device,package,speed:     xc3s100e,tq144,-5 (PRODUCTION 1.27 2013-10-13)
Report level:             verbose report

Environment Variable      Effect 
--------------------      ------ 
NONE                      No environment variables were set
--------------------------------------------------------------------------------

INFO:Timing:2698 - No timing constraints found, doing default enumeration.
INFO:Timing:3412 - To improve timing, see the Timing Closure User Guide (UG612).
INFO:Timing:2752 - To get complete path coverage, use the unconstrained paths 
   option. All paths that are not constrained will be reported in the 
   unconstrained paths section(s) of the report.
INFO:Timing:3339 - The clock-to-out numbers in this timing report are based on 
   a 50 Ohm transmission line loading model.  For the details of this model, 
   and for more information on accounting for different loading conditions, 
   please see the device datasheet.
INFO:Timing:3390 - This architecture does not support a default System Jitter 
   value, please add SYSTEM_JITTER constraint to the UCF to modify the Clock 
   Uncertainty calculation.
INFO:Timing:3389 - This architecture does not support 'Discrete Jitter' and 
   'Phase Error' calculations, these terms will be zero in the Clock 
   Uncertainty calculation.  Please make appropriate modification to 
   SYSTEM_JITTER to account for the unsupported Discrete Jitter and Phase 
   Error.



Data Sheet report:
-----------------
All values displayed in nanoseconds (ns)

Setup/Hold to clock clk
------------+------------+------------+------------------+--------+
            |Max Setup to|Max Hold to |                  | Clock  |
Source      | clk (edge) | clk (edge) |Internal Clock(s) | Phase  |
------------+------------+------------+------------------+--------+
data<0>     |    3.414(R)|   -0.638(R)|clk_BUFGP         |   0.000|
data<1>     |    3.067(R)|   -0.361(R)|clk_BUFGP         |   0.000|
data<2>     |    2.931(R)|   -0.252(R)|clk_BUFGP         |   0.000|
data<3>     |    2.883(R)|   -0.213(R)|clk_BUFGP         |   0.000|
data<4>     |    2.813(R)|   -0.158(R)|clk_BUFGP         |   0.000|
data<5>     |    2.858(R)|   -0.194(R)|clk_BUFGP         |   0.000|
data<6>     |    3.203(R)|   -0.469(R)|clk_BUFGP         |   0.000|
data<7>     |    3.024(R)|   -0.327(R)|clk_BUFGP         |   0.000|
start       |    2.562(R)|    0.700(R)|clk_BUFGP         |   0.000|
------------+------------+------------+------------------+--------+

Clock clk to Pad
------------+------------+------------------+--------+
            | clk (edge) |                  | Clock  |
Destination |   to PAD   |Internal Clock(s) | Phase  |
------------+------------+------------------+--------+
bad         |   10.239(R)|clk_BUFGP         |   0.000|
correct     |    9.528(R)|clk_BUFGP         |   0.000|
d_o         |    7.506(R)|clk_BUFGP         |   0.000|
------------+------------+------------------+--------+

Clock to Setup on destination clock clk
---------------+---------+---------+---------+---------+
               | Src:Rise| Src:Fall| Src:Rise| Src:Fall|
Source Clock   |Dest:Rise|Dest:Rise|Dest:Fall|Dest:Fall|
---------------+---------+---------+---------+---------+
clk            |    4.710|         |         |         |
---------------+---------+---------+---------+---------+

Pad to Pad
---------------+---------------+---------+
Source Pad     |Destination Pad|  Delay  |
---------------+---------------+---------+
data<0>        |bad            |    8.453|
data<1>        |bad            |    8.106|
data<2>        |bad            |    7.970|
data<3>        |bad            |    7.922|
data<4>        |bad            |    7.852|
data<5>        |bad            |    7.897|
data<6>        |bad            |    8.242|
data<7>        |bad            |    8.063|
---------------+---------------+---------+


Analysis completed Sat Jan 13 12:17:19 2018 
--------------------------------------------------------------------------------

Trace Settings:
-------------------------
Trace Settings 

Peak Memory Usage: 332 MB



